Unable to capture context for thread 5176 in process 15576, can not generate back trace
Exception at PC 0x00007FFB7B64BB93
Printing stacktrace...

[0]  [0x00007FFB7B64BB93]
[1]  [0x00007FFB7B64BB93]
[2]  [0x00007FFB7B64B4A1]
[3]  [0x00007FFB7B64B3EF]
[4]  [0x00007FFB7B6319FE]
[5]  [0x00007FFB7B630ED1]
[6]  [0x00007FFB7B630D76]
[7]  [0x00007FFB7B5D79F6]
[8]  [0x00007FFB7B5C7AFB]
[9]  [0x00007FFB7B6EE90A]
[10]  [0x00007FFB7B709F87]
[11]  [0x00007FFB7B70A05F]
[12] (BaseThreadInitThunk+0x14) [0x00007FFBED062774]
[13] (RtlUserThreadStart+0x21) [0x00007FFBEE2D0D51]
Done
Exception at PC 0x00007FFB7B351A52
Attemped to write at address 0x00007FFBB5C5ABA4
Printing stacktrace...

[0]  [0x00007FFB7B351A52]
[1]  [0x00007FFB7B351A52]
[2]  [0x00007FFB7B351AD4]
[3]  [0x00007FFB7B493FF7]
[4]  [0x00007FFB7B379128]
[5]  [0x00007FFB7B62DFB9]
[6]  [0x00007FFB7B7FEF23]
[7]  [0x00007FFB7B70B06B]
[8]  [0x00007FFB7B7008AF]
[9]  [0x00007FFB7B700A32]
[10] (RtlDeactivateActivationContextUnsafeFast+0x1af) [0x00007FFBEE28485F]
[11] (LdrShutdownProcess+0x12c) [0x00007FFBEE2AD43C]
[12] (RtlExitUserProcess+0xb4) [0x00007FFBEE2AD2F4]
[13] (FatalExit+0xa) [0x00007FFBED06C0DA]
[14] (exit+0x75) [0x00007FFBEE08A045]
[15] (initterm_e+0x21d) [0x00007FFBEE08A68D]
[16]  [0x00000000004014CD]
[17]  [0x000000000040151B]
[18] (BaseThreadInitThunk+0x14) [0x00007FFBED062774]
[19] (RtlUserThreadStart+0x21) [0x00007FFBEE2D0D51]
Done
