INFO: [VRFC 10-163] Analyzing VHDL file "D:/CPE233_Fall_2017/CPE233_Fall_2017.srcs/sources_1/new/ALU.vhd" into library xil_defaultlib
INFO: [VRFC 10-307] analyzing entity ALU
INFO: [VRFC 10-163] Analyzing VHDL file "D:/CPE233_Fall_2017/CPE233_Fall_2017.srcs/sources_1/new/Control_Unit.vhd" into library xil_defaultlib
INFO: [VRFC 10-307] analyzing entity CONTROL_UNIT
INFO: [VRFC 10-163] Analyzing VHDL file "D:/CPE233_Fall_2017/CPE233_Fall_2017.srcs/sources_1/new/FlagReg.vhd" into library xil_defaultlib
INFO: [VRFC 10-307] analyzing entity FlagReg
INFO: [VRFC 10-163] Analyzing VHDL file "D:/CPE233_Fall_2017/CPE233_Fall_2017.srcs/sources_1/new/MUX_2x1.vhd" into library xil_defaultlib
INFO: [VRFC 10-307] analyzing entity MUX_2x1
INFO: [VRFC 10-163] Analyzing VHDL file "D:/CPE233_Fall_2017/CPE233_Fall_2017.srcs/sources_1/new/MUX_4x1_10B.vhd" into library xil_defaultlib
INFO: [VRFC 10-307] analyzing entity MUX_4x1_10B
INFO: [VRFC 10-163] Analyzing VHDL file "D:/CPE233_Fall_2017/CPE233_Fall_2017.srcs/sources_1/new/Mux_2x1_10B.vhd" into library xil_defaultlib
INFO: [VRFC 10-307] analyzing entity MUX_2x1_10B
INFO: [VRFC 10-163] Analyzing VHDL file "D:/CPE233_Fall_2017/CPE233_Fall_2017.srcs/sources_1/new/Mux_2x1_1Bit.vhd" into library xil_defaultlib
INFO: [VRFC 10-307] analyzing entity MUX_2x1_1Bit
INFO: [VRFC 10-163] Analyzing VHDL file "D:/CPE233_Fall_2017/CPE233_Fall_2017.srcs/sources_1/new/Mux_4x1.vhd" into library xil_defaultlib
INFO: [VRFC 10-307] analyzing entity MUX_4x1
INFO: [VRFC 10-163] Analyzing VHDL file "D:/CPE233_Fall_2017/CPE233_Fall_2017.srcs/sources_1/new/PC.vhd" into library xil_defaultlib
INFO: [VRFC 10-307] analyzing entity PC
INFO: [VRFC 10-163] Analyzing VHDL file "D:/CPE233_Fall_2017/CPE233_Fall_2017.srcs/sources_1/new/RAT_MCU.vhd" into library xil_defaultlib
INFO: [VRFC 10-307] analyzing entity RAT_MCU
INFO: [VRFC 10-163] Analyzing VHDL file "D:/CPE233_Fall_2017/CPE233_Fall_2017.srcs/sources_1/new/RAT_wrapper.vhd" into library xil_defaultlib
INFO: [VRFC 10-307] analyzing entity RAT_wrapper
INFO: [VRFC 10-163] Analyzing VHDL file "D:/CPE233_Fall_2017/CPE233_Fall_2017.srcs/sources_1/new/RegisterFile.vhd" into library xil_defaultlib
INFO: [VRFC 10-307] analyzing entity RegisterFile
INFO: [VRFC 10-163] Analyzing VHDL file "D:/CPE233_Fall_2017/CPE233_Fall_2017.srcs/sources_1/new/Scratch_Ram.vhd" into library xil_defaultlib
INFO: [VRFC 10-307] analyzing entity Scratch_Ram
INFO: [VRFC 10-163] Analyzing VHDL file "D:/CPE233_Fall_2017/CPE233_Fall_2017.srcs/sources_1/new/Stack_Pointer.vhd" into library xil_defaultlib
INFO: [VRFC 10-307] analyzing entity Stack_Pointer
INFO: [VRFC 10-163] Analyzing VHDL file "D:/CPE233_Fall_2017/CPE233_Fall_2017.srcs/sources_1/new/and2.vhd" into library xil_defaultlib
INFO: [VRFC 10-307] analyzing entity and2
INFO: [VRFC 10-163] Analyzing VHDL file "D:/CPE233_Fall_2017/CPE233_Fall_2017.srcs/sources_1/new/cdiv2.vhd" into library xil_defaultlib
INFO: [VRFC 10-307] analyzing entity clk_div2_buf
INFO: [VRFC 10-163] Analyzing VHDL file "D:/prog_rom.vhd" into library xil_defaultlib
INFO: [VRFC 10-307] analyzing entity my_prog_rom
INFO: [VRFC 10-163] Analyzing VHDL file "D:/CPE233_Fall_2017/CPE233_Fall_2017.srcs/sim_1/new/RAT_MCU_TESTBENCH_1.vhd" into library xil_defaultlib
INFO: [VRFC 10-307] analyzing entity tb_RAT_wrapper
