Unable to capture context for thread 12308 in process 4264, can not generate back trace
Unable to capture context for thread 16244 in process 4264, can not generate back trace
Unable to capture context for thread 3560 in process 4264, can not generate back trace
Exception at PC 0x00007FFE494FBB93
Printing stacktrace...

[0]  [0x00007FFE494FBB93]
[1]  [0x00007FFE494FBB93]
[2]  [0x00007FFE494FB4A1]
[3]  [0x00007FFE494FB3EF]
[4]  [0x00007FFE494E19FE]
[5]  [0x00007FFE494E0ED1]
[6]  [0x00007FFE494E0D76]
[7]  [0x00007FFE494879F6]
[8]  [0x00007FFE49477AFB]
[9]  [0x00007FFE4959E90A]
[10]  [0x00007FFE495B9F87]
[11]  [0x00007FFE495BA05F]
[12] (BaseThreadInitThunk+0x14) [0x00007FFE82022774]
[13] (RtlUserThreadStart+0x21) [0x00007FFE84270D51]
Done
Exception at PC 0x00007FFE49201A52
Attemped to write at address 0x00007FFE4820ABA4
Printing stacktrace...

[0]  [0x00007FFE49201A52]
[1]  [0x00007FFE49201A52]
[2]  [0x00007FFE49201AD4]
[3]  [0x00007FFE49343FF7]
[4]  [0x00007FFE49229128]
[5]  [0x00007FFE494DDFB9]
[6]  [0x00007FFE496AEF23]
[7]  [0x00007FFE495BB06B]
[8]  [0x00007FFE495B08AF]
[9]  [0x00007FFE495B0A32]
[10] (RtlDeactivateActivationContextUnsafeFast+0x1af) [0x00007FFE8422485F]
[11] (LdrShutdownProcess+0x12c) [0x00007FFE8424D43C]
[12] (RtlExitUserProcess+0xb4) [0x00007FFE8424D2F4]
[13] (FatalExit+0xa) [0x00007FFE8202C0DA]
[14] (exit+0x75) [0x00007FFE83E9A045]
[15] (initterm_e+0x21d) [0x00007FFE83E9A68D]
[16]  [0x00000000004014CD]
[17]  [0x000000000040151B]
[18] (BaseThreadInitThunk+0x14) [0x00007FFE82022774]
[19] (RtlUserThreadStart+0x21) [0x00007FFE84270D51]
Done
