
*** Running vivado
    with args -log RAT_wrapper.vds -m64 -product Vivado -mode batch -messageDb vivado.pb -notrace -source RAT_wrapper.tcl


****** Vivado v2017.2 (64-bit)
  **** SW Build 1909853 on Thu Jun 15 18:39:09 MDT 2017
  **** IP Build 1909766 on Thu Jun 15 19:58:00 MDT 2017
    ** Copyright 1986-2017 Xilinx, Inc. All Rights Reserved.

source RAT_wrapper.tcl -notrace
Command: synth_design -top RAT_wrapper -part xc7a35tcpg236-1
Starting synth_design
Attempting to get a license for feature 'Synthesis' and/or device 'xc7a35t-cpg236'
INFO: [Common 17-349] Got license for feature 'Synthesis' and/or device 'xc7a35t-cpg236'
INFO: Launching helper process for spawning children vivado processes
INFO: Helper process launched with PID 11692 
---------------------------------------------------------------------------------
Starting RTL Elaboration : Time (s): cpu = 00:00:03 ; elapsed = 00:00:03 . Memory (MB): peak = 301.891 ; gain = 77.191
---------------------------------------------------------------------------------
INFO: [Synth 8-638] synthesizing module 'RAT_wrapper' [C:/Users/oousterm/Documents/GitHub/RAT_MCU/CPE233_Fall_2017/CPE233_Fall_2017.srcs/sources_1/new/RAT_wrapper.vhd:47]
INFO: [Synth 8-3491] module 'clk_div2_buf' declared at 'C:/Users/oousterm/Documents/GitHub/RAT_MCU/CPE233_Fall_2017/CPE233_Fall_2017.srcs/sources_1/new/cdiv2.vhd:29' bound to instance 'cdiv2' of component 'clk_div2_buf' [C:/Users/oousterm/Documents/GitHub/RAT_MCU/CPE233_Fall_2017/CPE233_Fall_2017.srcs/sources_1/new/RAT_wrapper.vhd:104]
INFO: [Synth 8-638] synthesizing module 'clk_div2_buf' [C:/Users/oousterm/Documents/GitHub/RAT_MCU/CPE233_Fall_2017/CPE233_Fall_2017.srcs/sources_1/new/cdiv2.vhd:34]
INFO: [Synth 8-256] done synthesizing module 'clk_div2_buf' (1#1) [C:/Users/oousterm/Documents/GitHub/RAT_MCU/CPE233_Fall_2017/CPE233_Fall_2017.srcs/sources_1/new/cdiv2.vhd:34]
INFO: [Synth 8-3491] module 'RAT_MCU' declared at 'C:/Users/oousterm/Documents/GitHub/RAT_MCU/CPE233_Fall_2017/CPE233_Fall_2017.srcs/sources_1/new/RAT_MCU.vhd:28' bound to instance 'MCU' of component 'RAT_MCU' [C:/Users/oousterm/Documents/GitHub/RAT_MCU/CPE233_Fall_2017/CPE233_Fall_2017.srcs/sources_1/new/RAT_wrapper.vhd:111]
INFO: [Synth 8-638] synthesizing module 'RAT_MCU' [C:/Users/oousterm/Documents/GitHub/RAT_MCU/CPE233_Fall_2017/CPE233_Fall_2017.srcs/sources_1/new/RAT_MCU.vhd:40]
INFO: [Synth 8-3491] module 'my_prog_rom' declared at 'C:/Users/oousterm/Documents/GitHub/RAT_MCU/prog_rom.vhd:21' bound to instance 'prog_rom' of component 'my_prog_rom' [C:/Users/oousterm/Documents/GitHub/RAT_MCU/CPE233_Fall_2017/CPE233_Fall_2017.srcs/sources_1/new/RAT_MCU.vhd:253]
INFO: [Synth 8-638] synthesizing module 'my_prog_rom' [C:/Users/oousterm/Documents/GitHub/RAT_MCU/prog_rom.vhd:29]
	Parameter INIT bound to: 20'b00000000000000000000 
	Parameter INITP_00 bound to: 256'b0000000000000000000000000000000000000000000000000000000000000000000000000000000000000000000000000000000000000001110100111011010011100100010010001000101111110000111100110011111111011111111111000000000000000000000000001111111111111111111111111111111111111111 
	Parameter INITP_01 bound to: 256'b0000000000000000000000000000000000000000000000000000000000000000000000000000000000000000000000000000000000000000000000000000000000000000000000000000000000000000000000000000000000000000000000000000000000000000000000000000000000000000000000000000000000000000 
	Parameter INITP_02 bound to: 256'b0000000000000000000000000000000000000000000000000000000000000000000000000000000000000000000000000000000000000000000000000000000000000000000000000000000000000000000000000000000000000000000000000000000000000000000000000000000000000000000000000000000000000000 
	Parameter INITP_03 bound to: 256'b0000000000000000000000000000000000000000000000000000000000000000000000000000000000000000000000000000000000000000000000000000000000000000000000000000000000000000000000000000000000000000000000000000000000000000000000000000000000000000000000000000000000000000 
	Parameter INITP_04 bound to: 256'b0000000000000000000000000000000000000000000000000000000000000000000000000000000000000000000000000000000000000000000000000000000000000000000000000000000000000000000000000000000000000000000000000000000000000000000000000000000000000000000000000000000000000000 
	Parameter INITP_05 bound to: 256'b0000000000000000000000000000000000000000000000000000000000000000000000000000000000000000000000000000000000000000000000000000000000000000000000000000000000000000000000000000000000000000000000000000000000000000000000000000000000000000000000000000000000000000 
	Parameter INITP_06 bound to: 256'b0000000000000000000000000000000000000000000000000000000000000000000000000000000000000000000000000000000000000000000000000000000000000000000000000000000000000000000000000000000000000000000000000000000000000000000000000000000000000000000000000000000000000000 
	Parameter INITP_07 bound to: 256'b0000000000000000000000000000000000000000000000000000000000000000000000000000000000000000000000000000000000000000000000000000000000000000000000000000000000000000000000000000000000000000000000000000000000000000000000000000000000000000000000000000000000000000 
	Parameter INIT_00 bound to: 256'b1010000000000111011000000001111110100000000001100110000001000001101000000000010101100000010010011010000000000100011000001001100110100000000000110110000000001101101000000000001001100000001001011010000000000001011000001001111110100000000000000110000000000011 
	Parameter INIT_01 bound to: 256'b0000000000000000000000000000000000000000000000000000000000000000000000000000000000000000000000000000000000000000000000000000000000000000000000000000000000000000000000000000000010000001000010001010000000001001011000000000100110100000000010000110000000000001 
	Parameter INIT_02 bound to: 256'b0100110010000011010101011000001001010101000010100100101010000011100000011001000101001011100000110101010010000010100101000000000001001010100000111010000000000000011011000000110101101011000011100110101011111111011000010000000101100000000000100000000000000000 
	Parameter INIT_03 bound to: 256'b0000000000001010100000000000000110000000000000100101110111101001100000000000001010000001100110111101110100000001100000011010001111011100000000011000000110101011110110110000000101111011111111110111110011111111011111010101111110000001001110001000000110010001 
	Parameter INIT_04 bound to: 256'b0000000000000000000000000000000000000000000000000000000000000000000000000000000000000000000000000000000000000000101000000000001101100001000000001010000000000011100000100011101000000001000001011000000100000001011000000000000010100000000000111000001000010010 
	Parameter INIT_05 bound to: 256'b0000000000000000000000000000000000000000000000000000000000000000000000000000000000000000000000000000000000000000000000000000000000000000000000000000000000000000000000000000000000000000000000000000000000000000000000000000000000000000000000000000000000000000 
	Parameter INIT_06 bound to: 256'b0000000000000000000000000000000000000000000000000000000000000000000000000000000000000000000000000000000000000000000000000000000000000000000000000000000000000000000000000000000000000000000000000000000000000000000000000000000000000000000000000000000000000000 
	Parameter INIT_07 bound to: 256'b0000000000000000000000000000000000000000000000000000000000000000000000000000000000000000000000000000000000000000000000000000000000000000000000000000000000000000000000000000000000000000000000000000000000000000000000000000000000000000000000000000000000000000 
	Parameter INIT_08 bound to: 256'b0000000000000000000000000000000000000000000000000000000000000000000000000000000000000000000000000000000000000000000000000000000000000000000000000000000000000000000000000000000000000000000000000000000000000000000000000000000000000000000000000000000000000000 
	Parameter INIT_09 bound to: 256'b0000000000000000000000000000000000000000000000000000000000000000000000000000000000000000000000000000000000000000000000000000000000000000000000000000000000000000000000000000000000000000000000000000000000000000000000000000000000000000000000000000000000000000 
	Parameter INIT_0A bound to: 256'b0000000000000000000000000000000000000000000000000000000000000000000000000000000000000000000000000000000000000000000000000000000000000000000000000000000000000000000000000000000000000000000000000000000000000000000000000000000000000000000000000000000000000000 
	Parameter INIT_0B bound to: 256'b0000000000000000000000000000000000000000000000000000000000000000000000000000000000000000000000000000000000000000000000000000000000000000000000000000000000000000000000000000000000000000000000000000000000000000000000000000000000000000000000000000000000000000 
	Parameter INIT_0C bound to: 256'b0000000000000000000000000000000000000000000000000000000000000000000000000000000000000000000000000000000000000000000000000000000000000000000000000000000000000000000000000000000000000000000000000000000000000000000000000000000000000000000000000000000000000000 
	Parameter INIT_0D bound to: 256'b0000000000000000000000000000000000000000000000000000000000000000000000000000000000000000000000000000000000000000000000000000000000000000000000000000000000000000000000000000000000000000000000000000000000000000000000000000000000000000000000000000000000000000 
	Parameter INIT_0E bound to: 256'b0000000000000000000000000000000000000000000000000000000000000000000000000000000000000000000000000000000000000000000000000000000000000000000000000000000000000000000000000000000000000000000000000000000000000000000000000000000000000000000000000000000000000000 
	Parameter INIT_0F bound to: 256'b0000000000000000000000000000000000000000000000000000000000000000000000000000000000000000000000000000000000000000000000000000000000000000000000000000000000000000000000000000000000000000000000000000000000000000000000000000000000000000000000000000000000000000 
	Parameter INIT_10 bound to: 256'b0000000000000000000000000000000000000000000000000000000000000000000000000000000000000000000000000000000000000000000000000000000000000000000000000000000000000000000000000000000000000000000000000000000000000000000000000000000000000000000000000000000000000000 
	Parameter INIT_11 bound to: 256'b0000000000000000000000000000000000000000000000000000000000000000000000000000000000000000000000000000000000000000000000000000000000000000000000000000000000000000000000000000000000000000000000000000000000000000000000000000000000000000000000000000000000000000 
	Parameter INIT_12 bound to: 256'b0000000000000000000000000000000000000000000000000000000000000000000000000000000000000000000000000000000000000000000000000000000000000000000000000000000000000000000000000000000000000000000000000000000000000000000000000000000000000000000000000000000000000000 
	Parameter INIT_13 bound to: 256'b0000000000000000000000000000000000000000000000000000000000000000000000000000000000000000000000000000000000000000000000000000000000000000000000000000000000000000000000000000000000000000000000000000000000000000000000000000000000000000000000000000000000000000 
	Parameter INIT_14 bound to: 256'b0000000000000000000000000000000000000000000000000000000000000000000000000000000000000000000000000000000000000000000000000000000000000000000000000000000000000000000000000000000000000000000000000000000000000000000000000000000000000000000000000000000000000000 
	Parameter INIT_15 bound to: 256'b0000000000000000000000000000000000000000000000000000000000000000000000000000000000000000000000000000000000000000000000000000000000000000000000000000000000000000000000000000000000000000000000000000000000000000000000000000000000000000000000000000000000000000 
	Parameter INIT_16 bound to: 256'b0000000000000000000000000000000000000000000000000000000000000000000000000000000000000000000000000000000000000000000000000000000000000000000000000000000000000000000000000000000000000000000000000000000000000000000000000000000000000000000000000000000000000000 
	Parameter INIT_17 bound to: 256'b0000000000000000000000000000000000000000000000000000000000000000000000000000000000000000000000000000000000000000000000000000000000000000000000000000000000000000000000000000000000000000000000000000000000000000000000000000000000000000000000000000000000000000 
	Parameter INIT_18 bound to: 256'b0000000000000000000000000000000000000000000000000000000000000000000000000000000000000000000000000000000000000000000000000000000000000000000000000000000000000000000000000000000000000000000000000000000000000000000000000000000000000000000000000000000000000000 
	Parameter INIT_19 bound to: 256'b0000000000000000000000000000000000000000000000000000000000000000000000000000000000000000000000000000000000000000000000000000000000000000000000000000000000000000000000000000000000000000000000000000000000000000000000000000000000000000000000000000000000000000 
	Parameter INIT_1A bound to: 256'b0000000000000000000000000000000000000000000000000000000000000000000000000000000000000000000000000000000000000000000000000000000000000000000000000000000000000000000000000000000000000000000000000000000000000000000000000000000000000000000000000000000000000000 
	Parameter INIT_1B bound to: 256'b0000000000000000000000000000000000000000000000000000000000000000000000000000000000000000000000000000000000000000000000000000000000000000000000000000000000000000000000000000000000000000000000000000000000000000000000000000000000000000000000000000000000000000 
	Parameter INIT_1C bound to: 256'b0000000000000000000000000000000000000000000000000000000000000000000000000000000000000000000000000000000000000000000000000000000000000000000000000000000000000000000000000000000000000000000000000000000000000000000000000000000000000000000000000000000000000000 
	Parameter INIT_1D bound to: 256'b0000000000000000000000000000000000000000000000000000000000000000000000000000000000000000000000000000000000000000000000000000000000000000000000000000000000000000000000000000000000000000000000000000000000000000000000000000000000000000000000000000000000000000 
	Parameter INIT_1E bound to: 256'b0000000000000000000000000000000000000000000000000000000000000000000000000000000000000000000000000000000000000000000000000000000000000000000000000000000000000000000000000000000000000000000000000000000000000000000000000000000000000000000000000000000000000000 
	Parameter INIT_1F bound to: 256'b0000000000000000000000000000000000000000000000000000000000000000000000000000000000000000000000000000000000000000000000000000000000000000000000000000000000000000000000000000000000000000000000000000000000000000000000000000000000000000000000000000000000000000 
	Parameter INIT_20 bound to: 256'b0000000000000000000000000000000000000000000000000000000000000000000000000000000000000000000000000000000000000000000000000000000000000000000000000000000000000000000000000000000000000000000000000000000000000000000000000000000000000000000000000000000000000000 
	Parameter INIT_21 bound to: 256'b0000000000000000000000000000000000000000000000000000000000000000000000000000000000000000000000000000000000000000000000000000000000000000000000000000000000000000000000000000000000000000000000000000000000000000000000000000000000000000000000000000000000000000 
	Parameter INIT_22 bound to: 256'b0000000000000000000000000000000000000000000000000000000000000000000000000000000000000000000000000000000000000000000000000000000000000000000000000000000000000000000000000000000000000000000000000000000000000000000000000000000000000000000000000000000000000000 
	Parameter INIT_23 bound to: 256'b0000000000000000000000000000000000000000000000000000000000000000000000000000000000000000000000000000000000000000000000000000000000000000000000000000000000000000000000000000000000000000000000000000000000000000000000000000000000000000000000000000000000000000 
	Parameter INIT_24 bound to: 256'b0000000000000000000000000000000000000000000000000000000000000000000000000000000000000000000000000000000000000000000000000000000000000000000000000000000000000000000000000000000000000000000000000000000000000000000000000000000000000000000000000000000000000000 
	Parameter INIT_25 bound to: 256'b0000000000000000000000000000000000000000000000000000000000000000000000000000000000000000000000000000000000000000000000000000000000000000000000000000000000000000000000000000000000000000000000000000000000000000000000000000000000000000000000000000000000000000 
	Parameter INIT_26 bound to: 256'b0000000000000000000000000000000000000000000000000000000000000000000000000000000000000000000000000000000000000000000000000000000000000000000000000000000000000000000000000000000000000000000000000000000000000000000000000000000000000000000000000000000000000000 
	Parameter INIT_27 bound to: 256'b0000000000000000000000000000000000000000000000000000000000000000000000000000000000000000000000000000000000000000000000000000000000000000000000000000000000000000000000000000000000000000000000000000000000000000000000000000000000000000000000000000000000000000 
	Parameter INIT_28 bound to: 256'b0000000000000000000000000000000000000000000000000000000000000000000000000000000000000000000000000000000000000000000000000000000000000000000000000000000000000000000000000000000000000000000000000000000000000000000000000000000000000000000000000000000000000000 
	Parameter INIT_29 bound to: 256'b0000000000000000000000000000000000000000000000000000000000000000000000000000000000000000000000000000000000000000000000000000000000000000000000000000000000000000000000000000000000000000000000000000000000000000000000000000000000000000000000000000000000000000 
	Parameter INIT_2A bound to: 256'b0000000000000000000000000000000000000000000000000000000000000000000000000000000000000000000000000000000000000000000000000000000000000000000000000000000000000000000000000000000000000000000000000000000000000000000000000000000000000000000000000000000000000000 
	Parameter INIT_2B bound to: 256'b0000000000000000000000000000000000000000000000000000000000000000000000000000000000000000000000000000000000000000000000000000000000000000000000000000000000000000000000000000000000000000000000000000000000000000000000000000000000000000000000000000000000000000 
	Parameter INIT_2C bound to: 256'b0000000000000000000000000000000000000000000000000000000000000000000000000000000000000000000000000000000000000000000000000000000000000000000000000000000000000000000000000000000000000000000000000000000000000000000000000000000000000000000000000000000000000000 
	Parameter INIT_2D bound to: 256'b0000000000000000000000000000000000000000000000000000000000000000000000000000000000000000000000000000000000000000000000000000000000000000000000000000000000000000000000000000000000000000000000000000000000000000000000000000000000000000000000000000000000000000 
	Parameter INIT_2E bound to: 256'b0000000000000000000000000000000000000000000000000000000000000000000000000000000000000000000000000000000000000000000000000000000000000000000000000000000000000000000000000000000000000000000000000000000000000000000000000000000000000000000000000000000000000000 
	Parameter INIT_2F bound to: 256'b0000000000000000000000000000000000000000000000000000000000000000000000000000000000000000000000000000000000000000000000000000000000000000000000000000000000000000000000000000000000000000000000000000000000000000000000000000000000000000000000000000000000000000 
	Parameter INIT_30 bound to: 256'b0000000000000000000000000000000000000000000000000000000000000000000000000000000000000000000000000000000000000000000000000000000000000000000000000000000000000000000000000000000000000000000000000000000000000000000000000000000000000000000000000000000000000000 
	Parameter INIT_31 bound to: 256'b0000000000000000000000000000000000000000000000000000000000000000000000000000000000000000000000000000000000000000000000000000000000000000000000000000000000000000000000000000000000000000000000000000000000000000000000000000000000000000000000000000000000000000 
	Parameter INIT_32 bound to: 256'b0000000000000000000000000000000000000000000000000000000000000000000000000000000000000000000000000000000000000000000000000000000000000000000000000000000000000000000000000000000000000000000000000000000000000000000000000000000000000000000000000000000000000000 
	Parameter INIT_33 bound to: 256'b0000000000000000000000000000000000000000000000000000000000000000000000000000000000000000000000000000000000000000000000000000000000000000000000000000000000000000000000000000000000000000000000000000000000000000000000000000000000000000000000000000000000000000 
	Parameter INIT_34 bound to: 256'b0000000000000000000000000000000000000000000000000000000000000000000000000000000000000000000000000000000000000000000000000000000000000000000000000000000000000000000000000000000000000000000000000000000000000000000000000000000000000000000000000000000000000000 
	Parameter INIT_35 bound to: 256'b0000000000000000000000000000000000000000000000000000000000000000000000000000000000000000000000000000000000000000000000000000000000000000000000000000000000000000000000000000000000000000000000000000000000000000000000000000000000000000000000000000000000000000 
	Parameter INIT_36 bound to: 256'b0000000000000000000000000000000000000000000000000000000000000000000000000000000000000000000000000000000000000000000000000000000000000000000000000000000000000000000000000000000000000000000000000000000000000000000000000000000000000000000000000000000000000000 
	Parameter INIT_37 bound to: 256'b0000000000000000000000000000000000000000000000000000000000000000000000000000000000000000000000000000000000000000000000000000000000000000000000000000000000000000000000000000000000000000000000000000000000000000000000000000000000000000000000000000000000000000 
	Parameter INIT_38 bound to: 256'b0000000000000000000000000000000000000000000000000000000000000000000000000000000000000000000000000000000000000000000000000000000000000000000000000000000000000000000000000000000000000000000000000000000000000000000000000000000000000000000000000000000000000000 
	Parameter INIT_39 bound to: 256'b0000000000000000000000000000000000000000000000000000000000000000000000000000000000000000000000000000000000000000000000000000000000000000000000000000000000000000000000000000000000000000000000000000000000000000000000000000000000000000000000000000000000000000 
	Parameter INIT_3A bound to: 256'b0000000000000000000000000000000000000000000000000000000000000000000000000000000000000000000000000000000000000000000000000000000000000000000000000000000000000000000000000000000000000000000000000000000000000000000000000000000000000000000000000000000000000000 
	Parameter INIT_3B bound to: 256'b0000000000000000000000000000000000000000000000000000000000000000000000000000000000000000000000000000000000000000000000000000000000000000000000000000000000000000000000000000000000000000000000000000000000000000000000000000000000000000000000000000000000000000 
	Parameter INIT_3C bound to: 256'b0000000000000000000000000000000000000000000000000000000000000000000000000000000000000000000000000000000000000000000000000000000000000000000000000000000000000000000000000000000000000000000000000000000000000000000000000000000000000000000000000000000000000000 
	Parameter INIT_3D bound to: 256'b0000000000000000000000000000000000000000000000000000000000000000000000000000000000000000000000000000000000000000000000000000000000000000000000000000000000000000000000000000000000000000000000000000000000000000000000000000000000000000000000000000000000000000 
	Parameter INIT_3E bound to: 256'b0000000000000000000000000000000000000000000000000000000000000000000000000000000000000000000000000000000000000000000000000000000000000000000000000000000000000000000000000000000000000000000000000000000000000000000000000000000000000000000000000000000000000000 
	Parameter INIT_3F bound to: 256'b1000000111110000000000000000000000000000000000000000000000000000000000000000000000000000000000000000000000000000000000000000000000000000000000000000000000000000000000000000000000000000000000000000000000000000000000000000000000000000000000000000000000000000 
	Parameter SRVAL bound to: 20'b00000000000000000000 
	Parameter WRITE_MODE bound to: WRITE_FIRST - type: string 
INFO: [Synth 8-113] binding component instance 'ram_1024_x_18' to cell 'RAMB16_S18' [C:/Users/oousterm/Documents/GitHub/RAT_MCU/prog_rom.vhd:194]
INFO: [Synth 8-256] done synthesizing module 'my_prog_rom' (2#1) [C:/Users/oousterm/Documents/GitHub/RAT_MCU/prog_rom.vhd:29]
INFO: [Synth 8-3491] module 'ALU' declared at 'C:/Users/oousterm/Documents/GitHub/RAT_MCU/CPE233_Fall_2017/CPE233_Fall_2017.srcs/sources_1/new/ALU.vhd:28' bound to instance 'my_alu' of component 'ALU' [C:/Users/oousterm/Documents/GitHub/RAT_MCU/CPE233_Fall_2017/CPE233_Fall_2017.srcs/sources_1/new/RAT_MCU.vhd:258]
INFO: [Synth 8-638] synthesizing module 'ALU' [C:/Users/oousterm/Documents/GitHub/RAT_MCU/CPE233_Fall_2017/CPE233_Fall_2017.srcs/sources_1/new/ALU.vhd:38]
WARNING: [Synth 8-6014] Unused sequential element res_reg was removed.  [C:/Users/oousterm/Documents/GitHub/RAT_MCU/CPE233_Fall_2017/CPE233_Fall_2017.srcs/sources_1/new/ALU.vhd:47]
INFO: [Synth 8-256] done synthesizing module 'ALU' (3#1) [C:/Users/oousterm/Documents/GitHub/RAT_MCU/CPE233_Fall_2017/CPE233_Fall_2017.srcs/sources_1/new/ALU.vhd:38]
INFO: [Synth 8-3491] module 'CONTROL_UNIT' declared at 'C:/Users/oousterm/Documents/GitHub/RAT_MCU/CPE233_Fall_2017/CPE233_Fall_2017.srcs/sources_1/new/Control_Unit.vhd:7' bound to instance 'my_cu' of component 'CONTROL_UNIT' [C:/Users/oousterm/Documents/GitHub/RAT_MCU/CPE233_Fall_2017/CPE233_Fall_2017.srcs/sources_1/new/RAT_MCU.vhd:268]
INFO: [Synth 8-638] synthesizing module 'CONTROL_UNIT' [C:/Users/oousterm/Documents/GitHub/RAT_MCU/CPE233_Fall_2017/CPE233_Fall_2017.srcs/sources_1/new/Control_Unit.vhd:48]
INFO: [Synth 8-226] default block is never used [C:/Users/oousterm/Documents/GitHub/RAT_MCU/CPE233_Fall_2017/CPE233_Fall_2017.srcs/sources_1/new/Control_Unit.vhd:107]
WARNING: [Synth 8-6014] Unused sequential element FLG_Z_LD_reg was removed.  [C:/Users/oousterm/Documents/GitHub/RAT_MCU/CPE233_Fall_2017/CPE233_Fall_2017.srcs/sources_1/new/Control_Unit.vhd:97]
INFO: [Synth 8-256] done synthesizing module 'CONTROL_UNIT' (4#1) [C:/Users/oousterm/Documents/GitHub/RAT_MCU/CPE233_Fall_2017/CPE233_Fall_2017.srcs/sources_1/new/Control_Unit.vhd:48]
INFO: [Synth 8-3491] module 'RegisterFile' declared at 'C:/Users/oousterm/Documents/GitHub/RAT_MCU/CPE233_Fall_2017/CPE233_Fall_2017.srcs/sources_1/new/RegisterFile.vhd:26' bound to instance 'my_regfile' of component 'RegisterFile' [C:/Users/oousterm/Documents/GitHub/RAT_MCU/CPE233_Fall_2017/CPE233_Fall_2017.srcs/sources_1/new/RAT_MCU.vhd:310]
INFO: [Synth 8-638] synthesizing module 'RegisterFile' [C:/Users/oousterm/Documents/GitHub/RAT_MCU/CPE233_Fall_2017/CPE233_Fall_2017.srcs/sources_1/new/RegisterFile.vhd:36]
INFO: [Synth 8-256] done synthesizing module 'RegisterFile' (5#1) [C:/Users/oousterm/Documents/GitHub/RAT_MCU/CPE233_Fall_2017/CPE233_Fall_2017.srcs/sources_1/new/RegisterFile.vhd:36]
INFO: [Synth 8-3491] module 'HardwareDebounce' declared at 'C:/Users/oousterm/Documents/GitHub/RAT_MCU/CPE233_Fall_2017/CPE233_Fall_2017.srcs/sources_1/new/HardwareDebounce.vhd:27' bound to instance 'HW_DB' of component 'HardwareDebounce' [C:/Users/oousterm/Documents/GitHub/RAT_MCU/CPE233_Fall_2017/CPE233_Fall_2017.srcs/sources_1/new/RAT_MCU.vhd:319]
INFO: [Synth 8-638] synthesizing module 'HardwareDebounce' [C:/Users/oousterm/Documents/GitHub/RAT_MCU/CPE233_Fall_2017/CPE233_Fall_2017.srcs/sources_1/new/HardwareDebounce.vhd:34]
INFO: [Synth 8-3491] module 'DBounce' declared at 'C:/Users/oousterm/Documents/GitHub/RAT_MCU/CPE233_Fall_2017/CPE233_Fall_2017.srcs/sources_1/new/HardwareDebounce.vhd:74' bound to instance 'my_db' of component 'DBounce' [C:/Users/oousterm/Documents/GitHub/RAT_MCU/CPE233_Fall_2017/CPE233_Fall_2017.srcs/sources_1/new/HardwareDebounce.vhd:53]
INFO: [Synth 8-638] synthesizing module 'DBounce' [C:/Users/oousterm/Documents/GitHub/RAT_MCU/CPE233_Fall_2017/CPE233_Fall_2017.srcs/sources_1/new/HardwareDebounce.vhd:80]
INFO: [Synth 8-256] done synthesizing module 'DBounce' (6#1) [C:/Users/oousterm/Documents/GitHub/RAT_MCU/CPE233_Fall_2017/CPE233_Fall_2017.srcs/sources_1/new/HardwareDebounce.vhd:80]
INFO: [Synth 8-3491] module 'one_shot_bdir' declared at 'C:/Users/oousterm/Documents/GitHub/RAT_MCU/CPE233_Fall_2017/CPE233_Fall_2017.srcs/sources_1/new/HardwareDebounce.vhd:143' bound to instance 'my_os' of component 'one_shot_bdir' [C:/Users/oousterm/Documents/GitHub/RAT_MCU/CPE233_Fall_2017/CPE233_Fall_2017.srcs/sources_1/new/HardwareDebounce.vhd:58]
INFO: [Synth 8-638] synthesizing module 'one_shot_bdir' [C:/Users/oousterm/Documents/GitHub/RAT_MCU/CPE233_Fall_2017/CPE233_Fall_2017.srcs/sources_1/new/HardwareDebounce.vhd:150]
INFO: [Synth 8-256] done synthesizing module 'one_shot_bdir' (7#1) [C:/Users/oousterm/Documents/GitHub/RAT_MCU/CPE233_Fall_2017/CPE233_Fall_2017.srcs/sources_1/new/HardwareDebounce.vhd:150]
INFO: [Synth 8-256] done synthesizing module 'HardwareDebounce' (8#1) [C:/Users/oousterm/Documents/GitHub/RAT_MCU/CPE233_Fall_2017/CPE233_Fall_2017.srcs/sources_1/new/HardwareDebounce.vhd:34]
INFO: [Synth 8-3491] module 'PC' declared at 'C:/Users/oousterm/Documents/GitHub/RAT_MCU/CPE233_Fall_2017/CPE233_Fall_2017.srcs/sources_1/new/PC.vhd:19' bound to instance 'my_PC' of component 'PC' [C:/Users/oousterm/Documents/GitHub/RAT_MCU/CPE233_Fall_2017/CPE233_Fall_2017.srcs/sources_1/new/RAT_MCU.vhd:325]
INFO: [Synth 8-638] synthesizing module 'PC' [C:/Users/oousterm/Documents/GitHub/RAT_MCU/CPE233_Fall_2017/CPE233_Fall_2017.srcs/sources_1/new/PC.vhd:28]
INFO: [Synth 8-256] done synthesizing module 'PC' (9#1) [C:/Users/oousterm/Documents/GitHub/RAT_MCU/CPE233_Fall_2017/CPE233_Fall_2017.srcs/sources_1/new/PC.vhd:28]
INFO: [Synth 8-3491] module 'MUX_4x1_10B' declared at 'C:/Users/oousterm/Documents/GitHub/RAT_MCU/CPE233_Fall_2017/CPE233_Fall_2017.srcs/sources_1/new/MUX_4x1_10B.vhd:4' bound to instance 'my_PC_MUX' of component 'MUX_4x1_10B' [C:/Users/oousterm/Documents/GitHub/RAT_MCU/CPE233_Fall_2017/CPE233_Fall_2017.srcs/sources_1/new/RAT_MCU.vhd:334]
INFO: [Synth 8-638] synthesizing module 'MUX_4x1_10B' [C:/Users/oousterm/Documents/GitHub/RAT_MCU/CPE233_Fall_2017/CPE233_Fall_2017.srcs/sources_1/new/MUX_4x1_10B.vhd:13]
INFO: [Synth 8-226] default block is never used [C:/Users/oousterm/Documents/GitHub/RAT_MCU/CPE233_Fall_2017/CPE233_Fall_2017.srcs/sources_1/new/MUX_4x1_10B.vhd:18]
INFO: [Synth 8-256] done synthesizing module 'MUX_4x1_10B' (10#1) [C:/Users/oousterm/Documents/GitHub/RAT_MCU/CPE233_Fall_2017/CPE233_Fall_2017.srcs/sources_1/new/MUX_4x1_10B.vhd:13]
INFO: [Synth 8-3491] module 'FlagReg' declared at 'C:/Users/oousterm/Documents/GitHub/RAT_MCU/CPE233_Fall_2017/CPE233_Fall_2017.srcs/sources_1/new/FlagReg.vhd:25' bound to instance 'my_C_FLAG' of component 'FlagReg' [C:/Users/oousterm/Documents/GitHub/RAT_MCU/CPE233_Fall_2017/CPE233_Fall_2017.srcs/sources_1/new/RAT_MCU.vhd:342]
INFO: [Synth 8-638] synthesizing module 'FlagReg' [C:/Users/oousterm/Documents/GitHub/RAT_MCU/CPE233_Fall_2017/CPE233_Fall_2017.srcs/sources_1/new/FlagReg.vhd:34]
INFO: [Synth 8-256] done synthesizing module 'FlagReg' (11#1) [C:/Users/oousterm/Documents/GitHub/RAT_MCU/CPE233_Fall_2017/CPE233_Fall_2017.srcs/sources_1/new/FlagReg.vhd:34]
INFO: [Synth 8-3491] module 'FlagReg' declared at 'C:/Users/oousterm/Documents/GitHub/RAT_MCU/CPE233_Fall_2017/CPE233_Fall_2017.srcs/sources_1/new/FlagReg.vhd:25' bound to instance 'my_Z_FLAG' of component 'FlagReg' [C:/Users/oousterm/Documents/GitHub/RAT_MCU/CPE233_Fall_2017/CPE233_Fall_2017.srcs/sources_1/new/RAT_MCU.vhd:350]
INFO: [Synth 8-3491] module 'FlagReg' declared at 'C:/Users/oousterm/Documents/GitHub/RAT_MCU/CPE233_Fall_2017/CPE233_Fall_2017.srcs/sources_1/new/FlagReg.vhd:25' bound to instance 'my_Shad_C_FLAG' of component 'FlagReg' [C:/Users/oousterm/Documents/GitHub/RAT_MCU/CPE233_Fall_2017/CPE233_Fall_2017.srcs/sources_1/new/RAT_MCU.vhd:358]
INFO: [Synth 8-3491] module 'FlagReg' declared at 'C:/Users/oousterm/Documents/GitHub/RAT_MCU/CPE233_Fall_2017/CPE233_Fall_2017.srcs/sources_1/new/FlagReg.vhd:25' bound to instance 'my_Shad_Z_FLAG' of component 'FlagReg' [C:/Users/oousterm/Documents/GitHub/RAT_MCU/CPE233_Fall_2017/CPE233_Fall_2017.srcs/sources_1/new/RAT_MCU.vhd:366]
INFO: [Synth 8-3491] module 'MUX_2x1_1Bit' declared at 'C:/Users/oousterm/Documents/GitHub/RAT_MCU/CPE233_Fall_2017/CPE233_Fall_2017.srcs/sources_1/new/Mux_2x1_1Bit.vhd:4' bound to instance 'my_Z_FLAG_MUX' of component 'MUX_2x1_1Bit' [C:/Users/oousterm/Documents/GitHub/RAT_MCU/CPE233_Fall_2017/CPE233_Fall_2017.srcs/sources_1/new/RAT_MCU.vhd:374]
INFO: [Synth 8-638] synthesizing module 'MUX_2x1_1Bit' [C:/Users/oousterm/Documents/GitHub/RAT_MCU/CPE233_Fall_2017/CPE233_Fall_2017.srcs/sources_1/new/Mux_2x1_1Bit.vhd:11]
INFO: [Synth 8-256] done synthesizing module 'MUX_2x1_1Bit' (12#1) [C:/Users/oousterm/Documents/GitHub/RAT_MCU/CPE233_Fall_2017/CPE233_Fall_2017.srcs/sources_1/new/Mux_2x1_1Bit.vhd:11]
INFO: [Synth 8-3491] module 'MUX_2x1_1Bit' declared at 'C:/Users/oousterm/Documents/GitHub/RAT_MCU/CPE233_Fall_2017/CPE233_Fall_2017.srcs/sources_1/new/Mux_2x1_1Bit.vhd:4' bound to instance 'my_C_FLAG_MUX' of component 'MUX_2x1_1Bit' [C:/Users/oousterm/Documents/GitHub/RAT_MCU/CPE233_Fall_2017/CPE233_Fall_2017.srcs/sources_1/new/RAT_MCU.vhd:380]
INFO: [Synth 8-3491] module 'FlagReg' declared at 'C:/Users/oousterm/Documents/GitHub/RAT_MCU/CPE233_Fall_2017/CPE233_Fall_2017.srcs/sources_1/new/FlagReg.vhd:25' bound to instance 'my_Interupt_FLAG' of component 'FlagReg' [C:/Users/oousterm/Documents/GitHub/RAT_MCU/CPE233_Fall_2017/CPE233_Fall_2017.srcs/sources_1/new/RAT_MCU.vhd:386]
INFO: [Synth 8-3491] module 'and2' declared at 'C:/Users/oousterm/Documents/GitHub/RAT_MCU/CPE233_Fall_2017/CPE233_Fall_2017.srcs/sources_1/new/and2.vhd:34' bound to instance 'my_and' of component 'and2' [C:/Users/oousterm/Documents/GitHub/RAT_MCU/CPE233_Fall_2017/CPE233_Fall_2017.srcs/sources_1/new/RAT_MCU.vhd:394]
INFO: [Synth 8-638] synthesizing module 'xil_defaultlib_and2' [C:/Users/oousterm/Documents/GitHub/RAT_MCU/CPE233_Fall_2017/CPE233_Fall_2017.srcs/sources_1/new/and2.vhd:40]
INFO: [Synth 8-256] done synthesizing module 'xil_defaultlib_and2' (13#1) [C:/Users/oousterm/Documents/GitHub/RAT_MCU/CPE233_Fall_2017/CPE233_Fall_2017.srcs/sources_1/new/and2.vhd:40]
INFO: [Synth 8-3491] module 'MUX_4x1' declared at 'C:/Users/oousterm/Documents/GitHub/RAT_MCU/CPE233_Fall_2017/CPE233_Fall_2017.srcs/sources_1/new/Mux_4x1.vhd:4' bound to instance 'my_Reg_Mux' of component 'MUX_4x1' [C:/Users/oousterm/Documents/GitHub/RAT_MCU/CPE233_Fall_2017/CPE233_Fall_2017.srcs/sources_1/new/RAT_MCU.vhd:399]
INFO: [Synth 8-638] synthesizing module 'MUX_4x1' [C:/Users/oousterm/Documents/GitHub/RAT_MCU/CPE233_Fall_2017/CPE233_Fall_2017.srcs/sources_1/new/Mux_4x1.vhd:13]
INFO: [Synth 8-226] default block is never used [C:/Users/oousterm/Documents/GitHub/RAT_MCU/CPE233_Fall_2017/CPE233_Fall_2017.srcs/sources_1/new/Mux_4x1.vhd:18]
INFO: [Synth 8-256] done synthesizing module 'MUX_4x1' (14#1) [C:/Users/oousterm/Documents/GitHub/RAT_MCU/CPE233_Fall_2017/CPE233_Fall_2017.srcs/sources_1/new/Mux_4x1.vhd:13]
INFO: [Synth 8-3491] module 'MUX_2x1' declared at 'C:/Users/oousterm/Documents/GitHub/RAT_MCU/CPE233_Fall_2017/CPE233_Fall_2017.srcs/sources_1/new/MUX_2x1.vhd:4' bound to instance 'my_ALU_MUX' of component 'MUX_2x1' [C:/Users/oousterm/Documents/GitHub/RAT_MCU/CPE233_Fall_2017/CPE233_Fall_2017.srcs/sources_1/new/RAT_MCU.vhd:407]
INFO: [Synth 8-638] synthesizing module 'MUX_2x1' [C:/Users/oousterm/Documents/GitHub/RAT_MCU/CPE233_Fall_2017/CPE233_Fall_2017.srcs/sources_1/new/MUX_2x1.vhd:11]
INFO: [Synth 8-256] done synthesizing module 'MUX_2x1' (15#1) [C:/Users/oousterm/Documents/GitHub/RAT_MCU/CPE233_Fall_2017/CPE233_Fall_2017.srcs/sources_1/new/MUX_2x1.vhd:11]
INFO: [Synth 8-3491] module 'MUX_2x1_10B' declared at 'C:/Users/oousterm/Documents/GitHub/RAT_MCU/CPE233_Fall_2017/CPE233_Fall_2017.srcs/sources_1/new/Mux_2x1_10B.vhd:4' bound to instance 'my_SCR_DATA_MUX' of component 'MUX_2x1_10B' [C:/Users/oousterm/Documents/GitHub/RAT_MCU/CPE233_Fall_2017/CPE233_Fall_2017.srcs/sources_1/new/RAT_MCU.vhd:413]
INFO: [Synth 8-638] synthesizing module 'MUX_2x1_10B' [C:/Users/oousterm/Documents/GitHub/RAT_MCU/CPE233_Fall_2017/CPE233_Fall_2017.srcs/sources_1/new/Mux_2x1_10B.vhd:11]
INFO: [Synth 8-256] done synthesizing module 'MUX_2x1_10B' (16#1) [C:/Users/oousterm/Documents/GitHub/RAT_MCU/CPE233_Fall_2017/CPE233_Fall_2017.srcs/sources_1/new/Mux_2x1_10B.vhd:11]
INFO: [Synth 8-3491] module 'MUX_4x1' declared at 'C:/Users/oousterm/Documents/GitHub/RAT_MCU/CPE233_Fall_2017/CPE233_Fall_2017.srcs/sources_1/new/Mux_4x1.vhd:4' bound to instance 'my_SCR_ADDR_MUX' of component 'MUX_4x1' [C:/Users/oousterm/Documents/GitHub/RAT_MCU/CPE233_Fall_2017/CPE233_Fall_2017.srcs/sources_1/new/RAT_MCU.vhd:419]
INFO: [Synth 8-3491] module 'Scratch_Ram' declared at 'C:/Users/oousterm/Documents/GitHub/RAT_MCU/CPE233_Fall_2017/CPE233_Fall_2017.srcs/sources_1/new/Scratch_Ram.vhd:25' bound to instance 'my_SCR' of component 'Scratch_Ram' [C:/Users/oousterm/Documents/GitHub/RAT_MCU/CPE233_Fall_2017/CPE233_Fall_2017.srcs/sources_1/new/RAT_MCU.vhd:427]
INFO: [Synth 8-638] synthesizing module 'Scratch_Ram' [C:/Users/oousterm/Documents/GitHub/RAT_MCU/CPE233_Fall_2017/CPE233_Fall_2017.srcs/sources_1/new/Scratch_Ram.vhd:33]
INFO: [Synth 8-256] done synthesizing module 'Scratch_Ram' (17#1) [C:/Users/oousterm/Documents/GitHub/RAT_MCU/CPE233_Fall_2017/CPE233_Fall_2017.srcs/sources_1/new/Scratch_Ram.vhd:33]
INFO: [Synth 8-3491] module 'Stack_Pointer' declared at 'C:/Users/oousterm/Documents/GitHub/RAT_MCU/CPE233_Fall_2017/CPE233_Fall_2017.srcs/sources_1/new/Stack_Pointer.vhd:28' bound to instance 'my_SP' of component 'Stack_Pointer' [C:/Users/oousterm/Documents/GitHub/RAT_MCU/CPE233_Fall_2017/CPE233_Fall_2017.srcs/sources_1/new/RAT_MCU.vhd:434]
INFO: [Synth 8-638] synthesizing module 'Stack_Pointer' [C:/Users/oousterm/Documents/GitHub/RAT_MCU/CPE233_Fall_2017/CPE233_Fall_2017.srcs/sources_1/new/Stack_Pointer.vhd:38]
INFO: [Synth 8-256] done synthesizing module 'Stack_Pointer' (18#1) [C:/Users/oousterm/Documents/GitHub/RAT_MCU/CPE233_Fall_2017/CPE233_Fall_2017.srcs/sources_1/new/Stack_Pointer.vhd:38]
INFO: [Synth 8-256] done synthesizing module 'RAT_MCU' (19#1) [C:/Users/oousterm/Documents/GitHub/RAT_MCU/CPE233_Fall_2017/CPE233_Fall_2017.srcs/sources_1/new/RAT_MCU.vhd:40]
INFO: [Synth 8-256] done synthesizing module 'RAT_wrapper' (20#1) [C:/Users/oousterm/Documents/GitHub/RAT_MCU/CPE233_Fall_2017/CPE233_Fall_2017.srcs/sources_1/new/RAT_wrapper.vhd:47]
---------------------------------------------------------------------------------
Finished RTL Elaboration : Time (s): cpu = 00:00:04 ; elapsed = 00:00:04 . Memory (MB): peak = 342.969 ; gain = 118.270
---------------------------------------------------------------------------------

Report Check Netlist: 
+------+------------------+-------+---------+-------+------------------+
|      |Item              |Errors |Warnings |Status |Description       |
+------+------------------+-------+---------+-------+------------------+
|1     |multi_driven_nets |      0|        0|Passed |Multi driven nets |
+------+------------------+-------+---------+-------+------------------+
---------------------------------------------------------------------------------
Finished RTL Optimization Phase 1 : Time (s): cpu = 00:00:04 ; elapsed = 00:00:04 . Memory (MB): peak = 342.969 ; gain = 118.270
---------------------------------------------------------------------------------
INFO: [Netlist 29-17] Analyzing 1 Unisim elements for replacement
INFO: [Netlist 29-28] Unisim Transformation completed in 0 CPU seconds
INFO: [Device 21-403] Loading part xc7a35tcpg236-1
INFO: [Project 1-570] Preparing netlist for logic optimization

Processing XDC Constraints
Initializing timing engine
Parsing XDC File [C:/Users/oousterm/Documents/GitHub/RAT_MCU/CPE233_Fall_2017/CPE233_Fall_2017.srcs/constrs_1/new/RAT_wrapper_const.xdc]
Finished Parsing XDC File [C:/Users/oousterm/Documents/GitHub/RAT_MCU/CPE233_Fall_2017/CPE233_Fall_2017.srcs/constrs_1/new/RAT_wrapper_const.xdc]
INFO: [Project 1-236] Implementation specific constraints were found while reading constraint file [C:/Users/oousterm/Documents/GitHub/RAT_MCU/CPE233_Fall_2017/CPE233_Fall_2017.srcs/constrs_1/new/RAT_wrapper_const.xdc]. These constraints will be ignored for synthesis but will be used in implementation. Impacted constraints are listed in the file [.Xil/RAT_wrapper_propImpl.xdc].
Resolution: To avoid this warning, move constraints listed in [.Xil/RAT_wrapper_propImpl.xdc] to another XDC file and exclude this new file from synthesis with the used_in_synthesis property (File Properties dialog in GUI) and re-run elaboration/synthesis.
Completed Processing XDC Constraints

INFO: [Project 1-111] Unisim Transformation Summary:
  A total of 1 instances were transformed.
  RAMB16_S18 => RAMB18E1: 1 instances

Constraint Validation Runtime : Time (s): cpu = 00:00:00 ; elapsed = 00:00:00.003 . Memory (MB): peak = 613.105 ; gain = 0.000
---------------------------------------------------------------------------------
Finished Constraint Validation : Time (s): cpu = 00:00:13 ; elapsed = 00:00:14 . Memory (MB): peak = 613.105 ; gain = 388.406
---------------------------------------------------------------------------------
---------------------------------------------------------------------------------
Start Loading Part and Timing Information
---------------------------------------------------------------------------------
Loading part: xc7a35tcpg236-1
---------------------------------------------------------------------------------
Finished Loading Part and Timing Information : Time (s): cpu = 00:00:13 ; elapsed = 00:00:14 . Memory (MB): peak = 613.105 ; gain = 388.406
---------------------------------------------------------------------------------
---------------------------------------------------------------------------------
Start Applying 'set_property' XDC Constraints
---------------------------------------------------------------------------------
---------------------------------------------------------------------------------
Finished applying 'set_property' XDC Constraints : Time (s): cpu = 00:00:13 ; elapsed = 00:00:14 . Memory (MB): peak = 613.105 ; gain = 388.406
---------------------------------------------------------------------------------
INFO: [Synth 8-5818] HDL ADVISOR - The operator resource <adder> is shared. To prevent sharing consider applying a KEEP on the output of the operator [C:/Users/oousterm/Documents/GitHub/RAT_MCU/CPE233_Fall_2017/CPE233_Fall_2017.srcs/sources_1/new/ALU.vhd:49]
INFO: [Synth 8-5546] ROM "PC_MUX_SEL" won't be mapped to RAM because it is too sparse
INFO: [Synth 8-5546] ROM "SP_LD" won't be mapped to RAM because it is too sparse
INFO: [Synth 8-5546] ROM "SP_INCR" won't be mapped to RAM because it is too sparse
INFO: [Synth 8-5546] ROM "SP_DECR" won't be mapped to RAM because it is too sparse
INFO: [Synth 8-5546] ROM "RF_WR_SEL" won't be mapped to RAM because it is too sparse
INFO: [Synth 8-5546] ROM "ALU_OPY_SEL" won't be mapped to RAM because it is too sparse
INFO: [Synth 8-5546] ROM "ALU_SEL" won't be mapped to RAM because it is too sparse
INFO: [Synth 8-5546] ROM "SCR_WR" won't be mapped to RAM because it is too sparse
INFO: [Synth 8-5546] ROM "SCR_DATA_SEL" won't be mapped to RAM because it is too sparse
INFO: [Synth 8-5546] ROM "SCR_ADDR_SEL" won't be mapped to RAM because it is too sparse
INFO: [Synth 8-5546] ROM "FLG_C_SET" won't be mapped to RAM because it is too sparse
INFO: [Synth 8-5546] ROM "FLG_C_CLR" won't be mapped to RAM because it is too sparse
INFO: [Synth 8-5546] ROM "FLG_LD_SEL" won't be mapped to RAM because it is too sparse
INFO: [Synth 8-5546] ROM "I_SET" won't be mapped to RAM because it is too sparse
INFO: [Synth 8-5546] ROM "I_CLR" won't be mapped to RAM because it is too sparse
INFO: [Synth 8-5546] ROM "IO_STRB" won't be mapped to RAM because it is too sparse
WARNING: [Synth 8-6014] Unused sequential element s_cnt_reg was removed.  [C:/Users/oousterm/Documents/GitHub/RAT_MCU/CPE233_Fall_2017/CPE233_Fall_2017.srcs/sources_1/new/PC.vhd:40]
INFO: [Synth 8-5818] HDL ADVISOR - The operator resource <adder> is shared. To prevent sharing consider applying a KEEP on the output of the operator [C:/Users/oousterm/Documents/GitHub/RAT_MCU/CPE233_Fall_2017/CPE233_Fall_2017.srcs/sources_1/new/Stack_Pointer.vhd:46]
WARNING: [Synth 8-6014] Unused sequential element t_cnt_reg was removed.  [C:/Users/oousterm/Documents/GitHub/RAT_MCU/CPE233_Fall_2017/CPE233_Fall_2017.srcs/sources_1/new/Stack_Pointer.vhd:47]
---------------------------------------------------------------------------------
Finished RTL Optimization Phase 2 : Time (s): cpu = 00:00:13 ; elapsed = 00:00:14 . Memory (MB): peak = 613.105 ; gain = 388.406
---------------------------------------------------------------------------------

Report RTL Partitions: 
+-+--------------+------------+----------+
| |RTL Partition |Replication |Instances |
+-+--------------+------------+----------+
+-+--------------+------------+----------+
---------------------------------------------------------------------------------
Start RTL Component Statistics 
---------------------------------------------------------------------------------
Detailed RTL Component Info : 
+---Adders : 
	   2 Input     10 Bit       Adders := 1     
	   2 Input      9 Bit       Adders := 1     
	   3 Input      9 Bit       Adders := 2     
	   2 Input      8 Bit       Adders := 2     
	   2 Input      3 Bit       Adders := 1     
+---XORs : 
	   2 Input      9 Bit         XORs := 1     
	   2 Input      1 Bit         XORs := 2     
+---Registers : 
	               10 Bit    Registers := 1     
	                8 Bit    Registers := 4     
	                4 Bit    Registers := 1     
	                3 Bit    Registers := 1     
	                2 Bit    Registers := 1     
	                1 Bit    Registers := 15    
+---Muxes : 
	   2 Input     10 Bit        Muxes := 2     
	   4 Input     10 Bit        Muxes := 1     
	  16 Input      9 Bit        Muxes := 2     
	   4 Input      8 Bit        Muxes := 3     
	   2 Input      8 Bit        Muxes := 3     
	  52 Input      4 Bit        Muxes := 1     
	  49 Input      2 Bit        Muxes := 1     
	   4 Input      2 Bit        Muxes := 2     
	  52 Input      2 Bit        Muxes := 2     
	   2 Input      2 Bit        Muxes := 1     
	  49 Input      1 Bit        Muxes := 2     
	   4 Input      1 Bit        Muxes := 6     
	  52 Input      1 Bit        Muxes := 12    
	   2 Input      1 Bit        Muxes := 20    
---------------------------------------------------------------------------------
Finished RTL Component Statistics 
---------------------------------------------------------------------------------
---------------------------------------------------------------------------------
Start RTL Hierarchical Component Statistics 
---------------------------------------------------------------------------------
Hierarchical RTL Component report 
Module RAT_wrapper 
Detailed RTL Component Info : 
+---Registers : 
	                8 Bit    Registers := 3     
	                4 Bit    Registers := 1     
+---Muxes : 
	   4 Input      8 Bit        Muxes := 1     
	   2 Input      8 Bit        Muxes := 1     
Module clk_div2_buf 
Detailed RTL Component Info : 
+---Registers : 
	                1 Bit    Registers := 1     
Module ALU 
Detailed RTL Component Info : 
+---Adders : 
	   2 Input      9 Bit       Adders := 1     
	   3 Input      9 Bit       Adders := 2     
+---XORs : 
	   2 Input      9 Bit         XORs := 1     
+---Muxes : 
	  16 Input      9 Bit        Muxes := 2     
Module CONTROL_UNIT 
Detailed RTL Component Info : 
+---Registers : 
	                2 Bit    Registers := 1     
+---Muxes : 
	  52 Input      4 Bit        Muxes := 1     
	  49 Input      2 Bit        Muxes := 1     
	   4 Input      2 Bit        Muxes := 2     
	  52 Input      2 Bit        Muxes := 2     
	  49 Input      1 Bit        Muxes := 2     
	   4 Input      1 Bit        Muxes := 6     
	  52 Input      1 Bit        Muxes := 12    
Module DBounce 
Detailed RTL Component Info : 
+---Adders : 
	   2 Input      3 Bit       Adders := 1     
+---XORs : 
	   2 Input      1 Bit         XORs := 1     
+---Registers : 
	                3 Bit    Registers := 1     
	                1 Bit    Registers := 3     
Module one_shot_bdir 
Detailed RTL Component Info : 
+---XORs : 
	   2 Input      1 Bit         XORs := 1     
+---Registers : 
	                1 Bit    Registers := 6     
Module PC 
Detailed RTL Component Info : 
+---Adders : 
	   2 Input     10 Bit       Adders := 1     
+---Registers : 
	               10 Bit    Registers := 1     
+---Muxes : 
	   2 Input     10 Bit        Muxes := 1     
	   2 Input      1 Bit        Muxes := 1     
Module MUX_4x1_10B 
Detailed RTL Component Info : 
+---Muxes : 
	   4 Input     10 Bit        Muxes := 1     
Module FlagReg 
Detailed RTL Component Info : 
+---Registers : 
	                1 Bit    Registers := 1     
+---Muxes : 
	   2 Input      1 Bit        Muxes := 3     
Module MUX_2x1_1Bit 
Detailed RTL Component Info : 
+---Muxes : 
	   2 Input      1 Bit        Muxes := 1     
Module MUX_4x1 
Detailed RTL Component Info : 
+---Muxes : 
	   4 Input      8 Bit        Muxes := 1     
Module MUX_2x1 
Detailed RTL Component Info : 
+---Muxes : 
	   2 Input      8 Bit        Muxes := 1     
Module MUX_2x1_10B 
Detailed RTL Component Info : 
+---Muxes : 
	   2 Input     10 Bit        Muxes := 1     
Module Stack_Pointer 
Detailed RTL Component Info : 
+---Adders : 
	   2 Input      8 Bit       Adders := 1     
+---Registers : 
	                8 Bit    Registers := 1     
+---Muxes : 
	   2 Input      8 Bit        Muxes := 1     
	   2 Input      2 Bit        Muxes := 1     
	   2 Input      1 Bit        Muxes := 2     
Module RAT_MCU 
Detailed RTL Component Info : 
+---Adders : 
	   2 Input      8 Bit       Adders := 1     
---------------------------------------------------------------------------------
Finished RTL Hierarchical Component Statistics
---------------------------------------------------------------------------------
---------------------------------------------------------------------------------
Start Part Resource Summary
---------------------------------------------------------------------------------
Part Resources:
DSPs: 90 (col length:60)
BRAMs: 100 (col length: RAMB18 60 RAMB36 30)
---------------------------------------------------------------------------------
Finished Part Resource Summary
---------------------------------------------------------------------------------
---------------------------------------------------------------------------------
Start Cross Boundary and Area Optimization
---------------------------------------------------------------------------------
INFO: [Synth 8-5546] ROM "MCU/my_cu/PC_MUX_SEL" won't be mapped to RAM because it is too sparse
WARNING: [Synth 8-6014] Unused sequential element MCU/my_PC/s_cnt_reg was removed.  [C:/Users/oousterm/Documents/GitHub/RAT_MCU/CPE233_Fall_2017/CPE233_Fall_2017.srcs/sources_1/new/PC.vhd:40]
WARNING: [Synth 8-6014] Unused sequential element MCU/my_SP/t_cnt_reg was removed.  [C:/Users/oousterm/Documents/GitHub/RAT_MCU/CPE233_Fall_2017/CPE233_Fall_2017.srcs/sources_1/new/Stack_Pointer.vhd:47]
WARNING: [Synth 8-3332] Sequential element (MCU/HW_DB/my_os/r_dff5_reg) is unused and will be removed from module RAT_wrapper.
WARNING: [Synth 8-3332] Sequential element (MCU/HW_DB/my_os/r_dff6_reg) is unused and will be removed from module RAT_wrapper.
---------------------------------------------------------------------------------
Finished Cross Boundary and Area Optimization : Time (s): cpu = 00:00:15 ; elapsed = 00:00:16 . Memory (MB): peak = 613.105 ; gain = 388.406
---------------------------------------------------------------------------------
---------------------------------------------------------------------------------
Start ROM, RAM, DSP and Shift Register Reporting
---------------------------------------------------------------------------------

ROM:
+-------------+--------------------+---------------+----------------+
|Module Name  | RTL Object         | Depth x Width | Implemented As | 
+-------------+--------------------+---------------+----------------+
|CONTROL_UNIT | RF_WR              | 128x1         | LUT            | 
|CONTROL_UNIT | FLG_C_LD           | 128x1         | LUT            | 
|RAT_wrapper  | MCU/my_cu/RF_WR    | 128x1         | LUT            | 
|RAT_wrapper  | MCU/my_cu/FLG_C_LD | 128x1         | LUT            | 
+-------------+--------------------+---------------+----------------+


Distributed RAM: Preliminary Mapping  Report (see note below)
+------------+------------------------+-----------+----------------------+------------------+
|Module Name | RTL Object             | Inference | Size (Depth x Width) | Primitives       | 
+------------+------------------------+-----------+----------------------+------------------+
|RAT_wrapper | MCU/my_SCR/MY_RAM_reg  | Implied   | 256 x 10             | RAM256X1S x 10   | 
|RAT_wrapper | MCU/my_regfile/REG_reg | Implied   | 32 x 8               | RAM32X1D x 8     | 
+------------+------------------------+-----------+----------------------+------------------+

Note: The table above is a preliminary report that shows the Distributed RAMs at the current stage of the synthesis flow. Some Distributed RAMs may be reimplemented as non Distributed RAM primitives later in the synthesis flow. Multiple instantiated RAMs are reported only once.
---------------------------------------------------------------------------------
Finished ROM, RAM, DSP and Shift Register Reporting
---------------------------------------------------------------------------------

Report RTL Partitions: 
+-+--------------+------------+----------+
| |RTL Partition |Replication |Instances |
+-+--------------+------------+----------+
+-+--------------+------------+----------+
---------------------------------------------------------------------------------
Start Applying XDC Timing Constraints
---------------------------------------------------------------------------------
---------------------------------------------------------------------------------
Finished Applying XDC Timing Constraints : Time (s): cpu = 00:00:26 ; elapsed = 00:00:27 . Memory (MB): peak = 613.488 ; gain = 388.789
---------------------------------------------------------------------------------
---------------------------------------------------------------------------------
Start Timing Optimization
---------------------------------------------------------------------------------
---------------------------------------------------------------------------------
Finished Timing Optimization : Time (s): cpu = 00:00:27 ; elapsed = 00:00:28 . Memory (MB): peak = 654.691 ; gain = 429.992
---------------------------------------------------------------------------------

Report RTL Partitions: 
+-+--------------+------------+----------+
| |RTL Partition |Replication |Instances |
+-+--------------+------------+----------+
+-+--------------+------------+----------+
---------------------------------------------------------------------------------
Start Technology Mapping
---------------------------------------------------------------------------------
---------------------------------------------------------------------------------
Finished Technology Mapping : Time (s): cpu = 00:00:27 ; elapsed = 00:00:28 . Memory (MB): peak = 654.691 ; gain = 429.992
---------------------------------------------------------------------------------

Report RTL Partitions: 
+-+--------------+------------+----------+
| |RTL Partition |Replication |Instances |
+-+--------------+------------+----------+
+-+--------------+------------+----------+
---------------------------------------------------------------------------------
Start IO Insertion
---------------------------------------------------------------------------------
---------------------------------------------------------------------------------
Start Flattening Before IO Insertion
---------------------------------------------------------------------------------
---------------------------------------------------------------------------------
Finished Flattening Before IO Insertion
---------------------------------------------------------------------------------
---------------------------------------------------------------------------------
Start Final Netlist Cleanup
---------------------------------------------------------------------------------
---------------------------------------------------------------------------------
Finished Final Netlist Cleanup
---------------------------------------------------------------------------------
---------------------------------------------------------------------------------
Finished IO Insertion : Time (s): cpu = 00:00:28 ; elapsed = 00:00:29 . Memory (MB): peak = 654.691 ; gain = 429.992
---------------------------------------------------------------------------------

Report Check Netlist: 
+------+------------------+-------+---------+-------+------------------+
|      |Item              |Errors |Warnings |Status |Description       |
+------+------------------+-------+---------+-------+------------------+
|1     |multi_driven_nets |      0|        0|Passed |Multi driven nets |
+------+------------------+-------+---------+-------+------------------+
---------------------------------------------------------------------------------
Start Renaming Generated Instances
---------------------------------------------------------------------------------
---------------------------------------------------------------------------------
Finished Renaming Generated Instances : Time (s): cpu = 00:00:28 ; elapsed = 00:00:29 . Memory (MB): peak = 654.691 ; gain = 429.992
---------------------------------------------------------------------------------

Report RTL Partitions: 
+-+--------------+------------+----------+
| |RTL Partition |Replication |Instances |
+-+--------------+------------+----------+
+-+--------------+------------+----------+
---------------------------------------------------------------------------------
Start Rebuilding User Hierarchy
---------------------------------------------------------------------------------
---------------------------------------------------------------------------------
Finished Rebuilding User Hierarchy : Time (s): cpu = 00:00:28 ; elapsed = 00:00:29 . Memory (MB): peak = 654.691 ; gain = 429.992
---------------------------------------------------------------------------------
---------------------------------------------------------------------------------
Start Renaming Generated Ports
---------------------------------------------------------------------------------
---------------------------------------------------------------------------------
Finished Renaming Generated Ports : Time (s): cpu = 00:00:28 ; elapsed = 00:00:29 . Memory (MB): peak = 654.691 ; gain = 429.992
---------------------------------------------------------------------------------
---------------------------------------------------------------------------------
Start Handling Custom Attributes
---------------------------------------------------------------------------------
---------------------------------------------------------------------------------
Finished Handling Custom Attributes : Time (s): cpu = 00:00:28 ; elapsed = 00:00:29 . Memory (MB): peak = 654.691 ; gain = 429.992
---------------------------------------------------------------------------------
---------------------------------------------------------------------------------
Start Renaming Generated Nets
---------------------------------------------------------------------------------
---------------------------------------------------------------------------------
Finished Renaming Generated Nets : Time (s): cpu = 00:00:28 ; elapsed = 00:00:29 . Memory (MB): peak = 654.691 ; gain = 429.992
---------------------------------------------------------------------------------
---------------------------------------------------------------------------------
Start Writing Synthesis Report
---------------------------------------------------------------------------------

Report BlackBoxes: 
+-+--------------+----------+
| |BlackBox name |Instances |
+-+--------------+----------+
+-+--------------+----------+

Report Cell Usage: 
+------+-----------+------+
|      |Cell       |Count |
+------+-----------+------+
|1     |BUFG       |     2|
|2     |CARRY4     |    11|
|3     |LUT1       |     4|
|4     |LUT2       |    28|
|5     |LUT3       |    28|
|6     |LUT4       |    42|
|7     |LUT5       |    67|
|8     |LUT6       |    83|
|9     |MUXF7      |    17|
|10    |MUXF8      |     8|
|11    |RAM256X1S  |    10|
|12    |RAM32X1D   |     8|
|13    |RAMB16_S18 |     1|
|14    |FDCE       |     3|
|15    |FDRE       |    60|
|16    |FDSE       |     1|
|17    |IBUF       |    22|
|18    |OBUF       |    28|
+------+-----------+------+

Report Instance Areas: 
+------+---------------------+-----------------+------+
|      |Instance             |Module           |Cells |
+------+---------------------+-----------------+------+
|1     |top                  |                 |   423|
|2     |  MCU                |RAT_MCU          |   341|
|3     |    HW_DB            |HardwareDebounce |    18|
|4     |      my_db          |DBounce          |    12|
|5     |      my_os          |one_shot_bdir    |     6|
|6     |    my_C_FLAG        |FlagReg          |     1|
|7     |    my_Interupt_FLAG |FlagReg_0        |     1|
|8     |    my_PC            |PC               |    28|
|9     |    my_SCR           |Scratch_Ram      |    10|
|10    |    my_SP            |Stack_Pointer    |    23|
|11    |    my_Shad_C_FLAG   |FlagReg_1        |     1|
|12    |    my_Shad_Z_FLAG   |FlagReg_2        |     1|
|13    |    my_Z_FLAG        |FlagReg_3        |     1|
|14    |    my_alu           |ALU              |    28|
|15    |    my_cu            |CONTROL_UNIT     |    12|
|16    |    my_regfile       |RegisterFile     |    33|
|17    |    prog_rom         |my_prog_rom      |   184|
|18    |  cdiv2              |clk_div2_buf     |     2|
+------+---------------------+-----------------+------+
---------------------------------------------------------------------------------
Finished Writing Synthesis Report : Time (s): cpu = 00:00:28 ; elapsed = 00:00:29 . Memory (MB): peak = 654.691 ; gain = 429.992
---------------------------------------------------------------------------------
Synthesis finished with 0 errors, 0 critical warnings and 6 warnings.
Synthesis Optimization Runtime : Time (s): cpu = 00:00:18 ; elapsed = 00:00:23 . Memory (MB): peak = 654.691 ; gain = 159.855
Synthesis Optimization Complete : Time (s): cpu = 00:00:28 ; elapsed = 00:00:29 . Memory (MB): peak = 654.691 ; gain = 429.992
INFO: [Project 1-571] Translating synthesized netlist
INFO: [Netlist 29-17] Analyzing 52 Unisim elements for replacement
INFO: [Netlist 29-28] Unisim Transformation completed in 0 CPU seconds
INFO: [Project 1-570] Preparing netlist for logic optimization
INFO: [Opt 31-138] Pushed 0 inverter(s) to 0 load pin(s).
INFO: [Project 1-111] Unisim Transformation Summary:
  A total of 19 instances were transformed.
  RAM256X1S => RAM256X1S (MUXF7, MUXF7, MUXF8, RAMS64E, RAMS64E, RAMS64E, RAMS64E): 10 instances
  RAM32X1D => RAM32X1D (RAMD32, RAMD32): 8 instances
  RAMB16_S18 => RAMB18E1: 1 instances

101 Infos, 8 Warnings, 0 Critical Warnings and 0 Errors encountered.
synth_design completed successfully
synth_design: Time (s): cpu = 00:00:30 ; elapsed = 00:00:32 . Memory (MB): peak = 654.691 ; gain = 434.512
INFO: [Common 17-1381] The checkpoint 'C:/Users/oousterm/Documents/GitHub/RAT_MCU/CPE233_Fall_2017/CPE233_Fall_2017.runs/synth_1/RAT_wrapper.dcp' has been generated.
report_utilization: Time (s): cpu = 00:00:00 ; elapsed = 00:00:00.016 . Memory (MB): peak = 654.691 ; gain = 0.000
INFO: [Common 17-206] Exiting Vivado at Fri Dec  1 16:12:25 2017...
