#
# A fatal error has been detected by the Java Runtime Environment:
#
#  EXCEPTION_ACCESS_VIOLATION (0xc0000005) at pc=0x000001a6c89404a0, pid=5444, tid=0x0000000000001f9c
#
# JRE version: Java(TM) SE Runtime Environment (8.0_112-b15) (build 1.8.0_112-b15)
# Java VM: Java HotSpot(TM) 64-Bit Server VM (25.112-b15 mixed mode windows-amd64 compressed oops)
# Problematic frame:
# C  0x000001a6c89404a0
#
# Failed to write core dump. Minidumps are not enabled by default on client versions of Windows
#
# If you would like to submit a bug report, please visit:
#   http://bugreport.java.com/bugreport/crash.jsp
# The crash happened outside the Java Virtual Machine in native code.
# See problematic frame for where to report the bug.
#

---------------  T H R E A D  ---------------

Current thread (0x000001a6ad224000):  JavaThread "main" [_thread_in_native, id=8092, stack(0x0000009135300000,0x0000009135400000)]

siginfo: ExceptionCode=0xc0000005, ExceptionInformation=0x0000000000000008 0x000001a6c89404a0

Registers:
RAX=0x000001a6c89404a0, RBX=0x0000000000000000, RCX=0x000001a6ad22e680, RDX=0x00000091353fe860
RSP=0x00000091353fe828, RBP=0x00000091353fe870, RSI=0x0000000000000000, RDI=0x0000000000000000
R8 =0xf2ee64b2ea01ac66, R9 =0x00007ff9772937a0, R10=0xf2ee64b2ea01ac66, R11=0x0000024aca01ac99
R12=0x00007ff926ccbdf0, R13=0x000001a6c88d4fe0, R14=0x00000091353fe900, R15=0x00000091353fe8d8
RIP=0x000001a6c89404a0, EFLAGS=0x0000000000010a07

Top of Stack: (sp=0x00000091353fe828)
0x00000091353fe828:   00007ff9771f07bf 0000000000000000
0x00000091353fe838:   0000000000000000 00000091353fe900
0x00000091353fe848:   00007ff9698b3fba 000001a6ad22e680
0x00000091353fe858:   000001a6c89404a0 000001a6aaa63bf0
0x00000091353fe868:   0000000000000000 00000091353fedf8
0x00000091353fe878:   00000091353fe9a0 0000000000000000
0x00000091353fe888:   00007ff9771f05f1 00000091353fe9a0
0x00000091353fe898:   000001a6c88d4fe0 0000000000000000
0x00000091353fe8a8:   0000000000000000 000000007fffffff
0x00000091353fe8b8:   0000000000000000 00000091353fe9d0
0x00000091353fe8c8:   00007ff9771f095c 00000091353fe9a0
0x00000091353fe8d8:   0000000000000000 00000091353fedd8
0x00000091353fe8e8:   00007ff9772c70e0 00000091353fe9e0
0x00000091353fe8f8:   000000000a90306d 0000000000000000
0x00000091353fe908:   000000000000003f 000001a6ad320020
0x00000091353fe918:   00000091353fe9e0 000001a6c8f808c0 

Instructions: (pc=0x000001a6c89404a0)
0x000001a6c8940480:   00 00 00 00 00 00 00 00 00 00 00 00 00 00 00 00
0x000001a6c8940490:   00 00 00 00 00 00 00 00 0d 00 00 00 02 00 05 00
0x000001a6c89404a0:   60 05 11 c8 a6 01 00 00 01 00 00 00 e4 04 00 00
0x000001a6c89404b0:   02 00 00 00 e4 04 00 00 e4 04 00 00 00 00 00 00 


Register to memory mapping:

RAX=0x000001a6c89404a0 is an unknown value
RBX=0x0000000000000000 is an unknown value
RCX=0x000001a6ad22e680 is an unknown value
RDX=0x00000091353fe860 is pointing into the stack for thread: 0x000001a6ad224000
RSP=0x00000091353fe828 is pointing into the stack for thread: 0x000001a6ad224000
RBP=0x00000091353fe870 is pointing into the stack for thread: 0x000001a6ad224000
RSI=0x0000000000000000 is an unknown value
RDI=0x0000000000000000 is an unknown value
R8 =0xf2ee64b2ea01ac66 is an unknown value
R9 =0x00007ff9772937a0 is an unknown value
R10=0xf2ee64b2ea01ac66 is an unknown value
R11=0x0000024aca01ac99 is an unknown value
R12=0x00007ff926ccbdf0 is an unknown value
R13=0x000001a6c88d4fe0 is an unknown value
R14=0x00000091353fe900 is pointing into the stack for thread: 0x000001a6ad224000
R15=0x00000091353fe8d8 is pointing into the stack for thread: 0x000001a6ad224000


Stack: [0x0000009135300000,0x0000009135400000],  sp=0x00000091353fe828,  free space=1018k
Native frames: (J=compiled Java code, j=interpreted, Vv=VM code, C=native code)
C  0x000001a6c89404a0

Java frames: (J=compiled Java code, j=interpreted, Vv=VM code)
j  ui.data.common.parami.ParamMgr_getValueAsBool(JLjava/lang/String;)Z+0
j  ui.data.common.w.dC(Ljava/lang/String;)Z+5
j  ui.data.common.w.vG()Z+5
j  ui.g.q.vG()Z+18
j  ui.g.q.dIm()Ljava/lang/String;+6
j  ui.PlanAhead.<clinit>()V+639
v  ~StubRoutines::call_stub

---------------  P R O C E S S  ---------------

Java Threads: ( => current thread )
  0x000001a6c8077000 JavaThread "Service Thread" daemon [_thread_blocked, id=14428, stack(0x0000009137000000,0x0000009137500000)]
  0x000001a6c7dd5000 JavaThread "C1 CompilerThread2" daemon [_thread_blocked, id=16116, stack(0x0000009136f00000,0x0000009137000000)]
  0x000001a6c7dd6000 JavaThread "C2 CompilerThread1" daemon [_thread_blocked, id=11488, stack(0x0000009136e00000,0x0000009136f00000)]
  0x000001a6c7dd7000 JavaThread "C2 CompilerThread0" daemon [_thread_blocked, id=3416, stack(0x0000009136d00000,0x0000009136e00000)]
  0x000001a6c7dd8800 JavaThread "Attach Listener" daemon [_thread_blocked, id=2176, stack(0x0000009136800000,0x0000009136d00000)]
  0x000001a6c7dd9800 JavaThread "Signal Dispatcher" daemon [_thread_blocked, id=8372, stack(0x0000009136300000,0x0000009136800000)]
  0x000001a6c7e52000 JavaThread "Finalizer" daemon [_thread_blocked, id=9692, stack(0x0000009135e00000,0x0000009136300000)]
  0x000001a6c7e55000 JavaThread "Reference Handler" daemon [_thread_blocked, id=9196, stack(0x0000009135900000,0x0000009135e00000)]
=>0x000001a6ad224000 JavaThread "main" [_thread_in_native, id=8092, stack(0x0000009135300000,0x0000009135400000)]

Other Threads:
  0x000001a6c7e5b000 VMThread [stack: 0x0000009135800000,0x0000009135900000] [id=9688]
  0x000001a6c7d47800 WatcherThread [stack: 0x0000009137500000,0x0000009137600000] [id=7112]

VM state:not at safepoint (normal execution)

VM Mutex/Monitor currently owned by a thread: None

Heap:
 PSYoungGen      total 53760K, used 7413K [0x00000007bc400000, 0x00000007c0000000, 0x00000007c0000000)
  eden space 46080K, 16% used [0x00000007bc400000,0x00000007bcb3d7a0,0x00000007bf100000)
  from space 7680K, 0% used [0x00000007bf880000,0x00000007bf880000,0x00000007c0000000)
  to   space 7680K, 0% used [0x00000007bf100000,0x00000007bf100000,0x00000007bf880000)
 ParOldGen       total 69632K, used 0K [0x0000000700000000, 0x0000000704400000, 0x00000007bc400000)
  object space 69632K, 0% used [0x0000000700000000,0x0000000700000000,0x0000000704400000)
 Metaspace       used 6684K, capacity 6832K, committed 6912K, reserved 1056768K
  class space    used 665K, capacity 725K, committed 768K, reserved 1048576K

Card table byte_map: [0x000001a6c0300000,0x000001a6c0910000] byte_map_base: 0x000001a6bcb00000

Marking Bits: (ParMarkBitMap*) 0x00000000698ea6d0
 Begin Bits: [0x000001a6c0f00000, 0x000001a6c3f00000)
 End Bits:   [0x000001a6c3f00000, 0x000001a6c6f00000)

Polling page: 0x000001a6ac370000

CodeCache: size=245760Kb used=1975Kb max_used=1976Kb free=243785Kb
 bounds [0x000001a6b0f40000, 0x000001a6b11b0000, 0x000001a6bff40000]
 total_blobs=714 nmethods=382 adapters=245
 compilation: enabled

Compilation events (10 events):
Event: 1.174 Thread 0x000001a6c7dd5000  379       3       java.lang.CharacterDataLatin1::digit (91 bytes)
Event: 1.174 Thread 0x000001a6c7dd5000 nmethod 379 0x000001a6b1129ed0 code [0x000001a6b112a040, 0x000001a6b112a3d8]
Event: 1.174 Thread 0x000001a6c7dd5000  378       3       java.lang.Character::digit (10 bytes)
Event: 1.174 Thread 0x000001a6c7dd5000 nmethod 378 0x000001a6b112a550 code [0x000001a6b112a6c0, 0x000001a6b112a900]
Event: 1.175 Thread 0x000001a6c7dd6000  380       4       java.lang.String::<init> (82 bytes)
Event: 1.178 Thread 0x000001a6c7dd6000 nmethod 380 0x000001a6b112df10 code [0x000001a6b112e060, 0x000001a6b112e358]
Event: 1.179 Thread 0x000001a6c7dd5000  381       3       java.util.BitSet::get (69 bytes)
Event: 1.179 Thread 0x000001a6c7dd5000 nmethod 381 0x000001a6b112cd10 code [0x000001a6b112cf00, 0x000001a6b112d890]
Event: 1.183 Thread 0x000001a6c7dd5000  382       1       java.util.jar.Manifest::getEntries (5 bytes)
Event: 1.183 Thread 0x000001a6c7dd5000 nmethod 382 0x000001a6b112b850 code [0x000001a6b112b9a0, 0x000001a6b112bab8]

GC Heap History (0 events):
No events

Deoptimization events (1 events):
Event: 0.223 Thread 0x000001a6ad224000 Uncommon trap: reason=unstable_if action=reinterpret pc=0x000001a6b1068208 method=java.lang.String.hashCode()I @ 14

Internal exceptions (10 events):
Event: 0.559 Thread 0x000001a6ad224000 Exception <a 'java/security/PrivilegedActionException'> (0x00000007bc73bf08) thrown at [C:\re\workspace\8-2-build-windows-amd64-cygwin\jdk8u112\7884\hotspot\src\share\vm\prims\jvm.cpp, line 1390]
Event: 0.975 Thread 0x000001a6ad224000 Exception <a 'java/security/PrivilegedActionException'> (0x00000007bc801d88) thrown at [C:\re\workspace\8-2-build-windows-amd64-cygwin\jdk8u112\7884\hotspot\src\share\vm\prims\jvm.cpp, line 1390]
Event: 0.975 Thread 0x000001a6ad224000 Exception <a 'java/security/PrivilegedActionException'> (0x00000007bc802180) thrown at [C:\re\workspace\8-2-build-windows-amd64-cygwin\jdk8u112\7884\hotspot\src\share\vm\prims\jvm.cpp, line 1390]
Event: 0.975 Thread 0x000001a6ad224000 Exception <a 'java/security/PrivilegedActionException'> (0x00000007bc804158) thrown at [C:\re\workspace\8-2-build-windows-amd64-cygwin\jdk8u112\7884\hotspot\src\share\vm\prims\jvm.cpp, line 1390]
Event: 0.975 Thread 0x000001a6ad224000 Exception <a 'java/security/PrivilegedActionException'> (0x00000007bc804550) thrown at [C:\re\workspace\8-2-build-windows-amd64-cygwin\jdk8u112\7884\hotspot\src\share\vm\prims\jvm.cpp, line 1390]
Event: 0.976 Thread 0x000001a6ad224000 Exception <a 'java/security/PrivilegedActionException'> (0x00000007bc808638) thrown at [C:\re\workspace\8-2-build-windows-amd64-cygwin\jdk8u112\7884\hotspot\src\share\vm\prims\jvm.cpp, line 1390]
Event: 0.976 Thread 0x000001a6ad224000 Exception <a 'java/security/PrivilegedActionException'> (0x00000007bc808a30) thrown at [C:\re\workspace\8-2-build-windows-amd64-cygwin\jdk8u112\7884\hotspot\src\share\vm\prims\jvm.cpp, line 1390]
Event: 1.061 Thread 0x000001a6ad224000 Exception <a 'java/io/FileNotFoundException'> (0x00000007bc84efd0) thrown at [C:\re\workspace\8-2-build-windows-amd64-cygwin\jdk8u112\7884\hotspot\src\share\vm\prims\jni.cpp, line 709]
Event: 1.128 Thread 0x000001a6ad224000 Exception <a 'java/lang/NoSuchFieldError': method resolution failed> (0x00000007bc91c1d8) thrown at [C:\re\workspace\8-2-build-windows-amd64-cygwin\jdk8u112\7884\hotspot\src\share\vm\prims\methodHandles.cpp, line 1146]
Event: 1.131 Thread 0x000001a6ad224000 Exception <a 'java/lang/NoSuchFieldError': method resolution failed> (0x00000007bc9295a8) thrown at [C:\re\workspace\8-2-build-windows-amd64-cygwin\jdk8u112\7884\hotspot\src\share\vm\prims\methodHandles.cpp, line 1146]

Events (10 events):
Event: 1.183 loading class java/util/concurrent/TimeUnit$5
Event: 1.183 loading class java/util/concurrent/TimeUnit$5 done
Event: 1.183 loading class java/util/concurrent/TimeUnit$6
Event: 1.183 loading class java/util/concurrent/TimeUnit$6 done
Event: 1.183 loading class java/util/concurrent/TimeUnit$7
Event: 1.183 loading class java/util/concurrent/TimeUnit$7 done
Event: 1.183 loading class ui/frmwork/a/c
Event: 1.183 loading class ui/frmwork/a/c done
Event: 1.183 loading class ui/data/device/devmodeli
Event: 1.183 loading class ui/data/device/devmodeli done


Dynamic libraries:
0x00007ff706b00000 - 0x00007ff706b32000 	C:\Xilinx\Vivado\2017.1\bin\unwrapped\win64.o\vivado.exe
0x00007ff97ac10000 - 0x00007ff97adf0000 	C:\WINDOWS\SYSTEM32\ntdll.dll
0x00007ff978300000 - 0x00007ff9783ae000 	C:\WINDOWS\System32\KERNEL32.DLL
0x00007ff9772e0000 - 0x00007ff977546000 	C:\WINDOWS\System32\KERNELBASE.dll
0x00007ff9771e0000 - 0x00007ff9772d6000 	C:\WINDOWS\System32\ucrtbase.dll
0x000000000a900000 - 0x000000000a983000 	C:\Xilinx\Vivado\2017.1\lib\win64.o\SHSMP64.dll
0x00007ff96c4e0000 - 0x00007ff96c4f4000 	C:\Xilinx\Vivado\2017.1\lib\win64.o\libboost_signals.dll
0x00007ff978b10000 - 0x00007ff978c9e000 	C:\WINDOWS\System32\USER32.dll
0x00007ff977790000 - 0x00007ff9777b0000 	C:\WINDOWS\System32\win32u.dll
0x00007ff926170000 - 0x00007ff926d7f000 	C:\Xilinx\Vivado\2017.1\lib\win64.o\librdi_common.dll
0x00007ff978220000 - 0x00007ff978248000 	C:\WINDOWS\System32\GDI32.dll
0x00007ff9775f0000 - 0x00007ff977784000 	C:\WINDOWS\System32\gdi32full.dll
0x00007ff96b7e0000 - 0x00007ff96b7f4000 	C:\Xilinx\Vivado\2017.1\lib\win64.o\librdi_commonmain.dll
0x00007ff977550000 - 0x00007ff9775eb000 	C:\WINDOWS\System32\msvcp_win.dll
0x00007ff979070000 - 0x00007ff979111000 	C:\WINDOWS\System32\ADVAPI32.dll
0x00007ff978fd0000 - 0x00007ff97906d000 	C:\WINDOWS\System32\msvcrt.dll
0x00007ff9781c0000 - 0x00007ff97821b000 	C:\WINDOWS\System32\sechost.dll
0x00007ff969880000 - 0x00007ff96991c000 	C:\WINDOWS\SYSTEM32\MSVCP140.dll
0x00007ff978ca0000 - 0x00007ff978dbf000 	C:\WINDOWS\System32\RPCRT4.dll
0x00007ff969860000 - 0x00007ff969876000 	C:\WINDOWS\SYSTEM32\VCRUNTIME140.dll
0x00007ff979500000 - 0x00007ff97a937000 	C:\WINDOWS\System32\SHELL32.dll
0x00007ff9777b0000 - 0x00007ff9777fa000 	C:\WINDOWS\System32\cfgmgr32.dll
0x00007ff978250000 - 0x00007ff9782f6000 	C:\WINDOWS\System32\shcore.dll
0x00007ff942600000 - 0x00007ff9428f0000 	C:\Xilinx\Vivado\2017.1\lib\win64.o\libXil_lmgr11.dll
0x00007ff9791f0000 - 0x00007ff9794f8000 	C:\WINDOWS\System32\combase.dll
0x00007ff943cb0000 - 0x00007ff94401e000 	C:\Xilinx\Vivado\2017.1\lib\win64.o\libCOIN-all.dll
0x00007ff978060000 - 0x00007ff9780d2000 	C:\WINDOWS\System32\bcryptPrimitives.dll
0x00007ff978550000 - 0x00007ff97865a000 	C:\WINDOWS\System32\COMDLG32.dll
0x00007ff977860000 - 0x00007ff977fa7000 	C:\WINDOWS\System32\windows.storage.dll
0x00007ff978660000 - 0x00007ff9786b1000 	C:\WINDOWS\System32\shlwapi.dll
0x00007ff976ff0000 - 0x00007ff977001000 	C:\WINDOWS\System32\kernel.appcore.dll
0x00007ff97aaa0000 - 0x00007ff97ab65000 	C:\WINDOWS\System32\OLEAUT32.dll
0x00007ff976fa0000 - 0x00007ff976fec000 	C:\WINDOWS\System32\powrprof.dll
0x00007ff97a950000 - 0x00007ff97aa99000 	C:\WINDOWS\System32\ole32.dll
0x00007ff976f60000 - 0x00007ff976f7b000 	C:\WINDOWS\System32\profapi.dll
0x00007ff977800000 - 0x00007ff977858000 	C:\WINDOWS\System32\WINTRUST.dll
0x00007ff976f80000 - 0x00007ff976f92000 	C:\WINDOWS\System32\MSASN1.dll
0x00007ff977010000 - 0x00007ff9771de000 	C:\WINDOWS\System32\CRYPT32.dll
0x00007ff96b7c0000 - 0x00007ff96b7d4000 	C:\Xilinx\Vivado\2017.1\lib\win64.o\libboost_date_time.dll
0x00007ff965cf0000 - 0x00007ff965d16000 	C:\Xilinx\Vivado\2017.1\lib\win64.o\libboost_filesystem.dll
0x00007ff955d50000 - 0x00007ff955dce000 	C:\Xilinx\Vivado\2017.1\lib\win64.o\libboost_program_options.dll
0x00007ff96b7b0000 - 0x00007ff96b7bb000 	C:\Xilinx\Vivado\2017.1\lib\win64.o\libboost_system.dll
0x00007ff94b370000 - 0x00007ff94b47d000 	C:\Xilinx\Vivado\2017.1\lib\win64.o\libboost_regex.dll
0x00007ff966790000 - 0x00007ff9667b0000 	C:\Xilinx\Vivado\2017.1\lib\win64.o\libboost_thread.dll
0x00007ff96b710000 - 0x00007ff96b71f000 	C:\Xilinx\Vivado\2017.1\lib\win64.o\libboost_xilinx.dll
0x00007ff9549e0000 - 0x00007ff954a62000 	C:\Xilinx\Vivado\2017.1\lib\win64.o\libhdlpsolve.dll
0x00007ff94b080000 - 0x00007ff94b125000 	C:\Xilinx\Vivado\2017.1\lib\win64.o\libhdxml.dll
0x00007ff93aca0000 - 0x00007ff93b094000 	C:\Xilinx\Vivado\2017.1\lib\win64.o\libisl_iostreams.dll
0x00007ff963ae0000 - 0x00007ff963b0e000 	C:\Xilinx\Vivado\2017.1\lib\win64.o\libisl_sysinfo.dll
0x00007ff979140000 - 0x00007ff9791ac000 	C:\WINDOWS\System32\WS2_32.dll
0x00000000690d0000 - 0x000000006996a000 	C:\Xilinx\Vivado\2017.1\tps\win64\jre\bin\server\jvm.dll
0x00007ff962f60000 - 0x00007ff962f75000 	C:\Xilinx\Vivado\2017.1\lib\win64.o\pthreadVC2.dll
0x00007ff946860000 - 0x00007ff946961000 	C:\Xilinx\Vivado\2017.1\lib\win64.o\librdi_commonxillic.dll
0x00007ff9791e0000 - 0x00007ff9791e8000 	C:\WINDOWS\System32\PSAPI.DLL
0x00007ff944610000 - 0x00007ff944761000 	C:\Xilinx\Vivado\2017.1\lib\win64.o\librdi_curl.dll
0x00007ff962520000 - 0x00007ff96253c000 	C:\Xilinx\Vivado\2017.1\lib\win64.o\librdiconfig.dll
0x00007ff960a00000 - 0x00007ff960a21000 	C:\Xilinx\Vivado\2017.1\lib\win64.o\librdizlib.dll
0x0000000068960000 - 0x0000000068a8b000 	C:\Xilinx\Vivado\2017.1\lib\win64.o\tcl85t.dll
0x00007ff96b4a0000 - 0x00007ff96b4aa000 	C:\Xilinx\Vivado\2017.1\lib\win64.o\librdi_commonversion.dll
0x0000000012000000 - 0x0000000012272000 	C:\Xilinx\Vivado\2017.1\lib\win64.o\xerces-c_3_1.dll
0x00007ff96ed10000 - 0x00007ff96ed1a000 	C:\WINDOWS\SYSTEM32\VERSION.dll
0x00007ff95e950000 - 0x00007ff95ec84000 	C:\WINDOWS\SYSTEM32\WININET.dll
0x00007ff96ffd0000 - 0x00007ff9700ae000 	C:\WINDOWS\SYSTEM32\WINHTTP.dll
0x00007ff9606b0000 - 0x00007ff96087c000 	C:\WINDOWS\SYSTEM32\urlmon.dll
0x00007ff979120000 - 0x00007ff97913d000 	C:\WINDOWS\System32\imagehlp.dll
0x00007ff96b160000 - 0x00007ff96b177000 	C:\WINDOWS\SYSTEM32\NETAPI32.dll
0x00007ff9610d0000 - 0x00007ff961176000 	C:\WINDOWS\WinSxS\amd64_microsoft.windows.common-controls_6595b64144ccf1df_5.82.16299.19_none_e48015d00334ec58\COMCTL32.dll
0x00007ff961340000 - 0x00007ff961349000 	C:\WINDOWS\SYSTEM32\WSOCK32.dll
0x00007ff96afc0000 - 0x00007ff96b08e000 	C:\WINDOWS\SYSTEM32\MSVCR110.dll
0x00007ff955d20000 - 0x00007ff955d4e000 	C:\WINDOWS\SYSTEM32\VCOMP140.DLL
0x00007ff96b450000 - 0x00007ff96b45d000 	C:\Xilinx\Vivado\2017.1\lib\win64.o\libboost_chrono.dll
0x00007ff955d00000 - 0x00007ff955d1b000 	C:\Xilinx\Vivado\2017.1\lib\win64.o\libboost_iostreams.dll
0x00007ff955cd0000 - 0x00007ff955cf5000 	C:\Xilinx\Vivado\2017.1\lib\win64.o\libisl_iosutils.dll
0x00007ff973a80000 - 0x00007ff973aa3000 	C:\WINDOWS\SYSTEM32\WINMM.dll
0x000000006ab50000 - 0x000000006ac22000 	C:\WINDOWS\SYSTEM32\MSVCR100.dll
0x00007ff96b1b0000 - 0x00007ff96b449000 	C:\WINDOWS\SYSTEM32\iertutil.dll
0x00007ff9737d0000 - 0x00007ff9737fa000 	C:\WINDOWS\SYSTEM32\winmmbase.dll
0x00007ff9252d0000 - 0x00007ff926161000 	C:\Xilinx\Vivado\2017.1\lib\win64.o\gurobi65.dll
0x00007ff976600000 - 0x00007ff97660b000 	C:\WINDOWS\SYSTEM32\CRYPTBASE.DLL
0x00007ff9791b0000 - 0x00007ff9791dd000 	C:\WINDOWS\System32\IMM32.DLL
0x00007ff939400000 - 0x00007ff939863000 	C:\Xilinx\Vivado\2017.1\lib\win64.o\librdi_commontasks.dll
0x00007ff93aa70000 - 0x00007ff93ac9a000 	C:\Xilinx\Vivado\2017.1\lib\win64.o\librdi_sio.dll
0x00007ff9761d0000 - 0x00007ff976209000 	C:\WINDOWS\SYSTEM32\IPHLPAPI.DLL
0x00007ff923350000 - 0x00007ff9252cb000 	C:\Xilinx\Vivado\2017.1\lib\win64.o\librdi_tcltasks.dll
0x00007ff94dbd0000 - 0x00007ff94dc38000 	C:\Xilinx\Vivado\2017.1\lib\win64.o\librdi_boarddep.dll
0x00007ff9440e0000 - 0x00007ff944255000 	C:\Xilinx\Vivado\2017.1\lib\win64.o\librdi_board.dll
0x00007ff92b060000 - 0x00007ff92b3c0000 	C:\Xilinx\Vivado\2017.1\lib\win64.o\librdi_bitstream.dll
0x00007ff9391e0000 - 0x00007ff9393f7000 	C:\Xilinx\Vivado\2017.1\lib\win64.o\librdi_chipscope.dll
0x00007ff944510000 - 0x00007ff94460e000 	C:\Xilinx\Vivado\2017.1\lib\win64.o\librdi_containers.dll
0x00007ff921e60000 - 0x00007ff923348000 	C:\Xilinx\Vivado\2017.1\lib\win64.o\librdi_constraints.dll
0x00007ff92ae00000 - 0x00007ff92b05f000 	C:\Xilinx\Vivado\2017.1\lib\win64.o\librdi_dlyest.dll
0x00007ff915280000 - 0x00007ff918cfe000 	C:\Xilinx\Vivado\2017.1\lib\win64.o\librdi_designutils.dll
0x00007ff91ee60000 - 0x00007ff91f362000 	C:\Xilinx\Vivado\2017.1\lib\win64.o\librdi_drc.dll
0x00007ff908120000 - 0x00007ff9141fa000 	C:\Xilinx\Vivado\2017.1\lib\win64.o\librdi_device.dll
0x00007ff944360000 - 0x00007ff94442e000 	C:\Xilinx\Vivado\2017.1\lib\win64.o\librdi_dsp.dll
0x00007ff91e920000 - 0x00007ff91ee60000 	C:\Xilinx\Vivado\2017.1\lib\win64.o\librdi_filemgmt.dll
0x00007ff91f370000 - 0x00007ff921e57000 	C:\Xilinx\Vivado\2017.1\lib\win64.o\librdi_coregen.dll
0x00007ff92ab80000 - 0x00007ff92adfa000 	C:\Xilinx\Vivado\2017.1\lib\win64.o\librdi_guitools.dll
0x00007ff91c600000 - 0x00007ff91cbf4000 	C:\Xilinx\Vivado\2017.1\lib\win64.o\librdi_memdata.dll
0x00007ff91da10000 - 0x00007ff91e918000 	C:\Xilinx\Vivado\2017.1\lib\win64.o\librdi_implflow.dll
0x00007ff91c170000 - 0x00007ff91c5f5000 	C:\Xilinx\Vivado\2017.1\lib\win64.o\librdi_netlist.dll
0x00007ff9061d0000 - 0x00007ff908114000 	C:\Xilinx\Vivado\2017.1\lib\win64.o\librdi_mig.dll
0x00007ff954990000 - 0x00007ff9549d1000 	C:\Xilinx\Vivado\2017.1\lib\win64.o\librdi_pfi.dll
0x00007ff942d70000 - 0x00007ff942f2b000 	C:\Xilinx\Vivado\2017.1\lib\win64.o\librdi_platform.dll
0x00007ff91bc60000 - 0x00007ff91c16e000 	C:\Xilinx\Vivado\2017.1\lib\win64.o\librdi_project.dll
0x00007ff91b670000 - 0x00007ff91bc52000 	C:\Xilinx\Vivado\2017.1\lib\win64.o\librdi_psta.dll
0x00007ff91af90000 - 0x00007ff91b662000 	C:\Xilinx\Vivado\2017.1\lib\win64.o\librdi_rsb.dll
0x00007ff91ac10000 - 0x00007ff91af88000 	C:\Xilinx\Vivado\2017.1\lib\win64.o\librdi_runs.dll
0x00007ff94d4d0000 - 0x00007ff94d559000 	C:\Xilinx\Vivado\2017.1\lib\win64.o\librdi_runsbase.dll
0x00007ff919680000 - 0x00007ff919cf0000 	C:\Xilinx\Vivado\2017.1\lib\win64.o\librdi_power.dll
0x00007ff902a60000 - 0x00007ff903628000 	C:\Xilinx\Vivado\2017.1\lib\win64.o\librdi_timing.dll
0x00007ff94d400000 - 0x00007ff94d465000 	C:\Xilinx\Vivado\2017.1\lib\win64.o\liblmx6.0.dll
0x00007ff903630000 - 0x00007ff905288000 	C:\Xilinx\Vivado\2017.1\lib\win64.o\librdi_place.dll
0x00007ff92eaa0000 - 0x00007ff92ec4e000 	C:\Xilinx\Vivado\2017.1\lib\win64.o\librdi_simdata.dll
0x00007ff94cf90000 - 0x00007ff94cfdb000 	C:\Xilinx\Vivado\2017.1\lib\win64.o\libboost_serialization.dll
0x00007ff943ad0000 - 0x00007ff943b6e000 	C:\Xilinx\Vivado\2017.1\lib\win64.o\libise.dll
0x00007ff9149d0000 - 0x00007ff914f1e000 	C:\Xilinx\Vivado\2017.1\lib\win64.o\librdi_xdm.dll
0x00007ff901fe0000 - 0x00007ff902a52000 	C:\Xilinx\Vivado\2017.1\lib\win64.o\libverific.dll
0x00007ff94b030000 - 0x00007ff94b075000 	C:\Xilinx\Vivado\2017.1\lib\win64.o\librdi_wavedata_SimpleApi.dll
0x00007ff91a7f0000 - 0x00007ff91ac0e000 	C:\Xilinx\Vivado\2017.1\lib\win64.o\librdi_wavedata.dll
0x00007ff905b00000 - 0x00007ff9061c6000 	C:\Xilinx\Vivado\2017.1\lib\win64.o\librdi_coregenipxact.dll
0x00007ff9469c0000 - 0x00007ff946a08000 	C:\Xilinx\Vivado\2017.1\lib\win64.o\librdi_hdf.dll
0x00007ff929860000 - 0x00007ff929a85000 	C:\Xilinx\Vivado\2017.1\lib\win64.o\librdi_hsm.dll
0x00007ff944bf0000 - 0x00007ff944c42000 	C:\Xilinx\Vivado\2017.1\lib\win64.o\librdi_projectbase.dll
0x00007ff901250000 - 0x00007ff901fd4000 	C:\Xilinx\Vivado\2017.1\lib\win64.o\librdi_route.dll
0x00007ff900b20000 - 0x00007ff901243000 	C:\Xilinx\Vivado\2017.1\lib\win64.o\librdi_labtools.dll
0x00007ff943580000 - 0x00007ff943641000 	C:\Xilinx\Vivado\2017.1\lib\win64.o\librdi_hwh.dll
0x00007ff8fef90000 - 0x00007ff900b1c000 	C:\Xilinx\Vivado\2017.1\lib\win64.o\librdi_synth.dll

VM Arguments:
jvm_args: -Dsun.java2d.pmoffscreen=false -Dsun.java2d.d3d=false -Dsun.awt.nopixfmt=true -Xverify:none -Dswing.aatext=true -XX:-UsePerfData -Djdk.map.althashing.threshold=512 -XX:StringTableSize=4072 -XX:NewSize=60m -XX:MaxNewSize=60m -Xms128m -Xmx3072m -Xss5m 
java_command: <unknown>
java_class_path (initial): C:/Xilinx/Vivado/2017.1\lib\classes\alloy.jar;C:/Xilinx/Vivado/2017.1\lib\classes\batik-anim.jar;C:/Xilinx/Vivado/2017.1\lib\classes\batik-awt-util.jar;C:/Xilinx/Vivado/2017.1\lib\classes\batik-bridge.jar;C:/Xilinx/Vivado/2017.1\lib\classes\batik-codec.jar;C:/Xilinx/Vivado/2017.1\lib\classes\batik-css.jar;C:/Xilinx/Vivado/2017.1\lib\classes\batik-dom.jar;C:/Xilinx/Vivado/2017.1\lib\classes\batik-ext.jar;C:/Xilinx/Vivado/2017.1\lib\classes\batik-gui-util.jar;C:/Xilinx/Vivado/2017.1\lib\classes\batik-gvt.jar;C:/Xilinx/Vivado/2017.1\lib\classes\batik-parser.jar;C:/Xilinx/Vivado/2017.1\lib\classes\batik-script.jar;C:/Xilinx/Vivado/2017.1\lib\classes\batik-svg-dom.jar;C:/Xilinx/Vivado/2017.1\lib\classes\batik-swing.jar;C:/Xilinx/Vivado/2017.1\lib\classes\batik-transcoder.jar;C:/Xilinx/Vivado/2017.1\lib\classes\batik-util.jar;C:/Xilinx/Vivado/2017.1\lib\classes\batik-xml.jar;C:/Xilinx/Vivado/2017.1\lib\classes\commons-math-2.2.jar;C:/Xilinx/Vivado/2017.1\lib\classes\dom4j-1.6.1.jar;C:/Xilinx/Vivado/2017.1\lib\classes\forms.jar;C:/Xilinx/Vivado/2017.1\lib\classes\guava-18.0.jar;C:/Xilinx/Vivado/2017.1\lib\classes\help.jar;C:/Xilinx/Vivado/2017.1\lib\classes\hsqldb.jar;C:/Xilinx/Vivado/2017.1\lib\classes\jh.jar;C:/Xilinx/Vivado/2017.1\lib\classes\jide-action.jar;C:/Xilinx/Vivado/2017.1\lib\classes\jide-charts.jar;C:/Xilinx/Vivado/2017.1\lib\classes\jide-common.jar;C:/Xilinx/Vivado/2017.1\lib\classes\jide-components.jar;C:/Xilinx/Vivado/2017.1\lib\classes\jide-dashboard.jar;C:/Xilinx/Vivado/2017.1\lib\classes\jide-data.jar;C:/Xilinx/Vivado/2017.1\lib\classes\jide-dialogs.jar;C:/Xilinx/Vivado/2017.1\lib\classes\jide-diff.jar;C:/Xilinx/Vivado/2017.1\lib\classes\jide-dock.jar;C:/Xilinx/Vivado/2017.1\lib\classes\jide-editor.jar;C:/Xilinx/Vivado/2017.1\lib\classes\jide-gantt.jar;C:/Xilinx/Vivado/2017.1\lib\classes\jide-grids.jar;C:/Xilinx/Vivado/2017.1\lib\classes\jide-pivot.jar;C:/Xilinx/Vivado/2017.1\lib\classes\jide-plaf-jdk7.jar;C:/Xilinx/Vivado/2
Launcher Type: generic

Environment Variables:
PATH=C:/Xilinx/Vivado/2017.1/bin;C:/Xilinx/Vivado/2017.1/lib/win64.o;C:/Xilinx/Vivado/2017.1/tps/win64/jre/bin/server;C:/Xilinx/Vivado/2017.1/tps/win64/jre/bin;C:/Xilinx/Vivado/2017.1/ids_lite/ISE/bin/nt64;C:/Xilinx/Vivado/2017.1/ids_lite/ISE/lib/nt64;C:/Xilinx/Vivado_HLS/2017.1/bin;C:\Program Files (x86)\NVIDIA Corporation\PhysX\Common;C:\Program Files (x86)\Intel\iCLS Client\;C:\Program Files\Intel\iCLS Client\;C:\WINDOWS\system32;C:\WINDOWS;C:\WINDOWS\System32\Wbem;C:\WINDOWS\System32\WindowsPowerShell\v1.0\;C:\Program Files (x86)\Intel\Intel(R) Management Engine Components\DAL;C:\Program Files\Intel\Intel(R) Management Engine Components\DAL;C:\Program Files (x86)\Intel\Intel(R) Management Engine Components\IPT;C:\Program Files\Intel\Intel(R) Management Engine Components\IPT;C:\Program Files\Microsoft SQL Server\Client SDK\ODBC\110\Tools\Binn\;C:\Program Files (x86)\Microsoft SQL Server\120\Tools\Binn\;C:\Program Files\Microsoft SQL Server\120\Tools\Binn\;C:\Program Files\Microsoft SQL Server\120\DTS\Binn\;C:\Program Files (x86)\Windows Kits\8.1\Windows Performance Toolkit\;C:\Program Files\Intel\WiFi\bin\;C:\Program Files\Common Files\Intel\WirelessCommon\;C:\Program Files (x86)\Common Files\GTK\2.0\bin;C:\Program Files (x86)\IVI Foundation\VISA\WinNT\Bin\;C:\Program Files\IVI Foundation\VISA\Win64\Bin\;C:\Program Files (x86)\Microsoft SQL Server\80\Tools\Binn\;c:\Program Files (x86)\Microsoft SQL Server\100\Tools\Binn\;c:\Program Files (x86)\Microsoft SQL Server\100\DTS\Binn\;C:\Program Files (x86)\IVI Foundation\IVI\bin;C:\Program Files\IVI Foundation\IVI\bin;C:\Program Files (x86)\National Instruments\Motion Assistant\bin\mxwplugins;C:\Users\aferg\AppData\Local\Microsoft\WindowsApps;;C:\Program Files (x86)\SSH Communications Security\SSH Secure Shell;C:/Xilinx/Vivado/2017.1\tps\mingw\6.2.0\win64.o\nt\bin;C:/Xilinx/Vivado/2017.1\tps\mingw\6.2.0\win64.o\nt\libexec\gcc\x86_64-w64-mingw32\6.2.0
USERNAME=aferg
OS=Windows_NT
PROCESSOR_IDENTIFIER=Intel64 Family 6 Model 61 Stepping 4, GenuineIntel



---------------  S Y S T E M  ---------------

OS: Windows 10.0 , 64 bit Build 16299 (10.0.16299.15)

CPU:total 4 (2 cores per cpu, 2 threads per core) family 6 model 61 stepping 4, cmov, cx8, fxsr, mmx, sse, sse2, sse3, ssse3, sse4.1, sse4.2, popcnt, avx, avx2, aes, clmul, erms, 3dnowpref, lzcnt, ht, tsc, tscinvbit, bmi1, bmi2, adx

Memory: 4k page, physical 8296440k(2889880k free), swap 16685048k(10081756k free)

vm_info: Java HotSpot(TM) 64-Bit Server VM (25.112-b15) for windows-amd64 JRE (1.8.0_112-b15), built on Sep 22 2016 21:31:56 by "java_re" with MS VC++ 10.0 (VS2010)

time: Mon Nov 13 14:28:14 2017
elapsed time: 1 seconds (0d 0h 0m 1s)

