#-----------------------------------------------------------
# Vivado v2017.2 (64-bit)
# SW Build 1909853 on Thu Jun 15 18:39:09 MDT 2017
# IP Build 1909766 on Thu Jun 15 19:58:00 MDT 2017
# Start of session at: Fri Dec  1 15:15:41 2017
# Process ID: 15364
# Current directory: C:/Users/oousterm/Documents/GitHub/RAT_MCU/CPE233_Fall_2017
# Command line: vivado.exe -gui_launcher_event rodinguilauncherevent15780 C:\Users\oousterm\Documents\GitHub\RAT_MCU\CPE233_Fall_2017\CPE233_Fall_2017.xpr
# Log file: C:/Users/oousterm/Documents/GitHub/RAT_MCU/CPE233_Fall_2017/vivado.log
# Journal file: C:/Users/oousterm/Documents/GitHub/RAT_MCU/CPE233_Fall_2017\vivado.jou
#-----------------------------------------------------------
start_gui
open_project C:/Users/oousterm/Documents/GitHub/RAT_MCU/CPE233_Fall_2017/CPE233_Fall_2017.xpr
Scanning sources...
Finished scanning sources
INFO: [IP_Flow 19-234] Refreshing IP repositories
INFO: [IP_Flow 19-1704] No user IP repositories specified
INFO: [IP_Flow 19-2313] Loaded Vivado IP repository 'C:/Xilinx/Vivado/2017.2/data/ip'.
update_compile_order -fileset sources_1
exit
INFO: [Common 17-206] Exiting Vivado at Fri Dec  1 15:16:01 2017...
