#-----------------------------------------------------------
# Vivado v2017.2 (64-bit)
# SW Build 1909853 on Thu Jun 15 18:39:09 MDT 2017
# IP Build 1909766 on Thu Jun 15 19:58:00 MDT 2017
# Start of session at: Mon Nov 27 14:20:33 2017
# Process ID: 11232
# Current directory: D:/CPE233_Fall_2017
# Command line: vivado.exe -gui_launcher_event rodinguilauncherevent3352 D:\CPE233_Fall_2017\CPE233_Fall_2017.xpr
# Log file: D:/CPE233_Fall_2017/vivado.log
# Journal file: D:/CPE233_Fall_2017\vivado.jou
#-----------------------------------------------------------
start_gui
open_project D:/CPE233_Fall_2017/CPE233_Fall_2017.xpr
INFO: [Project 1-313] Project file moved from 'C:/Users/oousterm/Documents/CPE233_Fall_2017' since last save.
CRITICAL WARNING: [Project 1-311] Could not find the file 'D:/Downloads/RatSim v0.61/RatSimulator/prog_rom.vhd', nor could it be found using path 'C:/Users/oousterm/Documents/Downloads/RatSim v0.61/RatSimulator/prog_rom.vhd'.
Scanning sources...
Finished scanning sources
INFO: [IP_Flow 19-234] Refreshing IP repositories
INFO: [IP_Flow 19-1704] No user IP repositories specified
INFO: [IP_Flow 19-2313] Loaded Vivado IP repository 'C:/Xilinx/Vivado/2017.2/data/ip'.
open_project: Time (s): cpu = 00:00:12 ; elapsed = 00:00:08 . Memory (MB): peak = 776.887 ; gain = 86.359
update_compile_order -fileset sources_1
launch_simulation
INFO: [SIM-utils-51] Simulation object is 'sim_1'
INFO: [SIM-utils-54] Inspecting design source files for 'RAT_wrapper' in fileset 'sim_1'...
INFO: [USF-XSim-97] Finding global include files...
INFO: [USF-XSim-98] Fetching design files from 'sim_1'...
INFO: [USF-XSim-2] XSim::Compile design
INFO: [USF-XSim-61] Executing 'COMPILE and ANALYZE' step in 'D:/CPE233_Fall_2017/CPE233_Fall_2017.sim/sim_1/behav'
"xvhdl -m64 --relax -prj RAT_wrapper_vhdl.prj"
INFO: [VRFC 10-163] Analyzing VHDL file "D:/CPE233_Fall_2017/CPE233_Fall_2017.srcs/sources_1/new/ALU.vhd" into library xil_defaultlib
INFO: [VRFC 10-307] analyzing entity ALU
INFO: [VRFC 10-163] Analyzing VHDL file "D:/CPE233_Fall_2017/CPE233_Fall_2017.srcs/sources_1/new/Control_Unit.vhd" into library xil_defaultlib
INFO: [VRFC 10-307] analyzing entity CONTROL_UNIT
INFO: [VRFC 10-163] Analyzing VHDL file "D:/CPE233_Fall_2017/CPE233_Fall_2017.srcs/sources_1/new/FlagReg.vhd" into library xil_defaultlib
INFO: [VRFC 10-307] analyzing entity FlagReg
INFO: [VRFC 10-163] Analyzing VHDL file "D:/CPE233_Fall_2017/CPE233_Fall_2017.srcs/sources_1/new/MUX_2x1.vhd" into library xil_defaultlib
INFO: [VRFC 10-307] analyzing entity MUX_2x1
INFO: [VRFC 10-163] Analyzing VHDL file "D:/CPE233_Fall_2017/CPE233_Fall_2017.srcs/sources_1/new/MUX_4x1_10B.vhd" into library xil_defaultlib
INFO: [VRFC 10-307] analyzing entity MUX_4x1_10B
INFO: [VRFC 10-163] Analyzing VHDL file "D:/CPE233_Fall_2017/CPE233_Fall_2017.srcs/sources_1/new/Mux_2x1_10B.vhd" into library xil_defaultlib
INFO: [VRFC 10-307] analyzing entity MUX_2x1_10B
INFO: [VRFC 10-163] Analyzing VHDL file "D:/CPE233_Fall_2017/CPE233_Fall_2017.srcs/sources_1/new/Mux_4x1.vhd" into library xil_defaultlib
INFO: [VRFC 10-307] analyzing entity MUX_4x1
INFO: [VRFC 10-163] Analyzing VHDL file "D:/CPE233_Fall_2017/CPE233_Fall_2017.srcs/sources_1/new/PC.vhd" into library xil_defaultlib
INFO: [VRFC 10-307] analyzing entity PC
INFO: [VRFC 10-163] Analyzing VHDL file "D:/CPE233_Fall_2017/CPE233_Fall_2017.srcs/sources_1/new/RAT_MCU.vhd" into library xil_defaultlib
INFO: [VRFC 10-307] analyzing entity RAT_MCU
INFO: [VRFC 10-163] Analyzing VHDL file "D:/CPE233_Fall_2017/CPE233_Fall_2017.srcs/sources_1/new/RegisterFile.vhd" into library xil_defaultlib
INFO: [VRFC 10-307] analyzing entity RegisterFile
INFO: [VRFC 10-163] Analyzing VHDL file "D:/CPE233_Fall_2017/CPE233_Fall_2017.srcs/sources_1/new/Scratch_Ram.vhd" into library xil_defaultlib
INFO: [VRFC 10-307] analyzing entity Scratch_Ram
INFO: [VRFC 10-163] Analyzing VHDL file "D:/CPE233_Fall_2017/CPE233_Fall_2017.srcs/sources_1/new/Stack_Pointer.vhd" into library xil_defaultlib
INFO: [VRFC 10-307] analyzing entity Stack_Pointer
INFO: [VRFC 10-163] Analyzing VHDL file "D:/CPE233_Fall_2017/CPE233_Fall_2017.srcs/sources_1/new/and2.vhd" into library xil_defaultlib
INFO: [VRFC 10-307] analyzing entity and2
INFO: [VRFC 10-163] Analyzing VHDL file "D:/CPE233_Fall_2017/CPE233_Fall_2017.srcs/sources_1/new/cdiv2.vhd" into library xil_defaultlib
INFO: [VRFC 10-307] analyzing entity clk_div2_buf
INFO: [VRFC 10-163] Analyzing VHDL file "D:/prog_rom.vhd" into library xil_defaultlib
INFO: [VRFC 10-307] analyzing entity my_prog_rom
INFO: [VRFC 10-163] Analyzing VHDL file "D:/CPE233_Fall_2017/CPE233_Fall_2017.srcs/sources_1/new/RAT_wrapper.vhd" into library xil_defaultlib
INFO: [VRFC 10-307] analyzing entity RAT_wrapper
INFO: [USF-XSim-69] 'compile' step finished in '2' seconds
INFO: [USF-XSim-3] XSim::Elaborate design
INFO: [USF-XSim-61] Executing 'ELABORATE' step in 'D:/CPE233_Fall_2017/CPE233_Fall_2017.sim/sim_1/behav'
Vivado Simulator 2017.2
Copyright 1986-1999, 2001-2016 Xilinx, Inc. All Rights Reserved.
Running: C:/Xilinx/Vivado/2017.2/bin/unwrapped/win64.o/xelab.exe -wto 8b3c45041bba49dc9a7b38ce29145ce6 --debug typical --relax --mt 2 -L xil_defaultlib -L secureip --snapshot RAT_wrapper_behav xil_defaultlib.RAT_wrapper -log elaborate.log 
Using 2 slave threads.
Starting static elaboration
Completed static elaboration
Starting simulation data flow analysis
Completed simulation data flow analysis
Time Resolution for simulation is 1ps
Compiling package std.standard
Compiling package std.textio
Compiling package ieee.std_logic_1164
Compiling package ieee.std_logic_arith
Compiling package ieee.std_logic_unsigned
Compiling package unisim.vcomponents
Compiling package ieee.std_logic_signed
Compiling package ieee.vital_timing
Compiling package ieee.vital_primitives
Compiling package unisim.vpkg
Compiling package ieee.std_logic_textio
Compiling package ieee.numeric_std
Compiling package ieee.numeric_bit
Compiling architecture behavioral of entity xil_defaultlib.clk_div2_buf [clk_div2_buf_default]
Compiling architecture rb18_internal_vhdl_v of entity unisim.RB18_INTERNAL_VHDL [\RB18_INTERNAL_VHDL(bram_size=18...]
Compiling architecture ramb18e1_v of entity unisim.RAMB18E1 [\RAMB18E1(initp_00="101100111000...]
Compiling architecture ramb16_s18_v of entity unisim.RAMB16_S18 [\RAMB16_S18(initp_00="1011001110...]
Compiling architecture low_level_definition of entity xil_defaultlib.my_prog_rom [my_prog_rom_default]
Compiling architecture alu_arch of entity xil_defaultlib.ALU [alu_default]
Compiling architecture behavioral of entity xil_defaultlib.CONTROL_UNIT [control_unit_default]
Compiling architecture behavioral of entity xil_defaultlib.RegisterFile [registerfile_default]
Compiling architecture behavioral of entity xil_defaultlib.PC [pc_default]
Compiling architecture behavioral of entity xil_defaultlib.MUX_4x1_10B [mux_4x1_10b_default]
Compiling architecture behavioral of entity xil_defaultlib.FlagReg [flagreg_default]
Compiling architecture behavioral of entity xil_defaultlib.and2 [and2_default]
Compiling architecture behavioral of entity xil_defaultlib.MUX_4x1 [mux_4x1_default]
Compiling architecture behavioral of entity xil_defaultlib.MUX_2x1 [mux_2x1_default]
Compiling architecture behavioral of entity xil_defaultlib.MUX_2x1_10B [mux_2x1_10b_default]
Compiling architecture scratch of entity xil_defaultlib.Scratch_Ram [scratch_ram_default]
Compiling architecture my_pointer of entity xil_defaultlib.Stack_Pointer [stack_pointer_default]
Compiling architecture behavioral of entity xil_defaultlib.RAT_MCU [rat_mcu_default]
Compiling architecture behavioral of entity xil_defaultlib.rat_wrapper
Built simulation snapshot RAT_wrapper_behav

****** Webtalk v2017.2 (64-bit)
  **** SW Build 1909853 on Thu Jun 15 18:39:09 MDT 2017
  **** IP Build 1909766 on Thu Jun 15 19:58:00 MDT 2017
    ** Copyright 1986-2017 Xilinx, Inc. All Rights Reserved.

source D:/CPE233_Fall_2017/CPE233_Fall_2017.sim/sim_1/behav/xsim.dir/RAT_wrapper_behav/webtalk/xsim_webtalk.tcl -notrace
INFO: [Common 17-186] 'D:/CPE233_Fall_2017/CPE233_Fall_2017.sim/sim_1/behav/xsim.dir/RAT_wrapper_behav/webtalk/usage_statistics_ext_xsim.xml' has been successfully sent to Xilinx on Mon Nov 27 14:22:12 2017. For additional details about this file, please refer to the WebTalk help file at C:/Xilinx/Vivado/2017.2/doc/webtalk_introduction.html.
INFO: [Common 17-206] Exiting Webtalk at Mon Nov 27 14:22:12 2017...
run_program: Time (s): cpu = 00:00:01 ; elapsed = 00:00:09 . Memory (MB): peak = 864.262 ; gain = 0.000
INFO: [USF-XSim-69] 'elaborate' step finished in '9' seconds
INFO: [USF-XSim-4] XSim::Simulate design
INFO: [USF-XSim-61] Executing 'SIMULATE' step in 'D:/CPE233_Fall_2017/CPE233_Fall_2017.sim/sim_1/behav'
INFO: [USF-XSim-98] *** Running xsim
   with args "RAT_wrapper_behav -key {Behavioral:sim_1:Functional:RAT_wrapper} -tclbatch {RAT_wrapper.tcl} -view {D:/CPE233_Fall_2017/RAT_wrapper_behav.wcfg} -log {simulate.log}"
INFO: [USF-XSim-8] Loading simulator feature
Vivado Simulator 2017.2
Time resolution is 1 ps
open_wave_config D:/CPE233_Fall_2017/RAT_wrapper_behav.wcfg
source RAT_wrapper.tcl
# set curr_wave [current_wave_config]
# if { [string length $curr_wave] == 0 } {
#   if { [llength [get_objects]] > 0} {
#     add_wave /
#     set_property needs_save false [current_wave_config]
#   } else {
#      send_msg_id Add_Wave-1 WARNING "No top level signals found. Simulator will start without a wave window. If you want to open a wave window go to 'File->New Waveform Configuration' or type 'create_wave_config' in the TCL console."
#   }
# }
# run 1000ns
INFO: [USF-XSim-96] XSim completed. Design snapshot 'RAT_wrapper_behav' loaded.
INFO: [USF-XSim-97] XSim simulation ran for 1000ns
launch_simulation: Time (s): cpu = 00:00:05 ; elapsed = 00:00:20 . Memory (MB): peak = 877.742 ; gain = 13.480
add_force {/RAT_wrapper/RESET} -radix hex {1 0ns}
run 10 us
add_force {/RAT_wrapper/CLK} -radix hex {1 0ns} {0 50000ps} -repeat_every 100000ps
run 10 us
add_force {/RAT_wrapper/BUTTONS} -radix hex {0 0ns}
add_force {/RAT_wrapper/SWITCHES} -radix hex {0 0ns}
run 10 us
add_force {/RAT_wrapper/RESET} -radix hex {0 0ns}
run 10 us
run 10 us
run 10 us
run 10 us
run 10 us
run 10 us
run 10 us
run 10 us
run 10 us
run 10 us
run 10 us
run 10 ms
run: Time (s): cpu = 00:00:02 ; elapsed = 00:00:57 . Memory (MB): peak = 891.258 ; gain = 0.000
add_wave {{/RAT_wrapper/MCU/OUT_PORT}} 
add_wave {{/RAT_wrapper/MCU/my_regfile/REG}} 
run 10 ms
run: Time (s): cpu = 00:00:02 ; elapsed = 00:01:04 . Memory (MB): peak = 906.945 ; gain = 0.000
reset_run synth_1
WARNING: [Vivado 12-1017] Problems encountered:
1. Failed to delete one or more files in run directory D:/CPE233_Fall_2017/CPE233_Fall_2017.runs/synth_1

update_compile_order -fileset sources_1
remove_files  D:/prog_rom.vhd
add_files -norecurse D:/prog_rom.vhd
update_compile_order -fileset sources_1
update_compile_order -fileset sources_1
launch_runs impl_1 -to_step write_bitstream -jobs 2
[Mon Nov 27 15:23:28 2017] Launched synth_1...
Run output will be captured here: D:/CPE233_Fall_2017/CPE233_Fall_2017.runs/synth_1/runme.log
[Mon Nov 27 15:23:28 2017] Launched impl_1...
Run output will be captured here: D:/CPE233_Fall_2017/CPE233_Fall_2017.runs/impl_1/runme.log
launch_runs: Time (s): cpu = 00:00:00 ; elapsed = 00:00:05 . Memory (MB): peak = 961.363 ; gain = 0.000
open_hw
connect_hw_server
INFO: [Labtools 27-2285] Connecting to hw_server url TCP:localhost:3121
INFO: [Labtools 27-2222] Launching hw_server...
INFO: [Labtools 27-2221] Launch Output:

****** Xilinx hw_server v2017.2
  **** Build date : Jun 15 2017-18:53:26
    ** Copyright 1986-2017 Xilinx, Inc. All Rights Reserved.


open_hw_target
INFO: [Labtoolstcl 44-466] Opening hw_target localhost:3121/xilinx_tcf/Digilent/210183711191A
set_property PROGRAM.FILE {D:/CPE233_Fall_2017/CPE233_Fall_2017.runs/impl_1/RAT_wrapper.bit} [get_hw_devices xc7a35t_0]
current_hw_device [get_hw_devices xc7a35t_0]
refresh_hw_device -update_hw_probes false [lindex [get_hw_devices xc7a35t_0] 0]
INFO: [Labtools 27-1435] Device xc7a35t (JTAG device index = 0) is not programmed (DONE status = 0).
set_property PROBES.FILE {} [get_hw_devices xc7a35t_0]
set_property FULL_PROBES.FILE {} [get_hw_devices xc7a35t_0]
set_property PROGRAM.FILE {D:/CPE233_Fall_2017/CPE233_Fall_2017.runs/impl_1/RAT_wrapper.bit} [get_hw_devices xc7a35t_0]
program_hw_devices [get_hw_devices xc7a35t_0]
INFO: [Labtools 27-3164] End of startup status: HIGH
refresh_hw_device [lindex [get_hw_devices xc7a35t_0] 0]
INFO: [Labtools 27-1434] Device xc7a35t (JTAG device index = 0) is programmed with a design that has no supported debug core(s) in it.
WARNING: [Labtools 27-3361] The debug hub core was not detected.
Resolution: 
1. Make sure the clock connected to the debug hub (dbg_hub) core is a free running clock and is active.
2. Make sure the BSCAN_SWITCH_USER_MASK device property in Vivado Hardware Manager reflects the user scan chain setting in the design and refresh the device.  To determine the user scan chain setting in the design, open the implemented design and use 'get_property C_USER_SCAN_CHAIN [get_debug_cores dbg_hub]'.
For more details on setting the scan chain property, consult the Vivado Debug and Programming User Guide (UG908).
ERROR: [Labtoolstcl 44-513] HW Target shutdown. Closing target: localhost:3121/xilinx_tcf/Digilent/210183711191A
reset_run synth_1
WARNING: [Vivado 12-1017] Problems encountered:
1. Failed to delete one or more files in run directory D:/CPE233_Fall_2017/CPE233_Fall_2017.runs/synth_1

launch_runs impl_1 -to_step write_bitstream -jobs 2
[Mon Nov 27 15:48:29 2017] Launched synth_1...
Run output will be captured here: D:/CPE233_Fall_2017/CPE233_Fall_2017.runs/synth_1/runme.log
[Mon Nov 27 15:48:29 2017] Launched impl_1...
Run output will be captured here: D:/CPE233_Fall_2017/CPE233_Fall_2017.runs/impl_1/runme.log
INFO: [Labtoolstcl 44-466] Opening hw_target localhost:3121/xilinx_tcf/Digilent/210183711191A
INFO: [Labtools 27-1435] Device xc7a35t (JTAG device index = 0) is not programmed (DONE status = 0).
WARNING: [Labtoolstcl 44-129] No matching hw_ila_data was found.
set_property PROBES.FILE {} [get_hw_devices xc7a35t_0]
set_property FULL_PROBES.FILE {} [get_hw_devices xc7a35t_0]
set_property PROGRAM.FILE {D:/CPE233_Fall_2017/CPE233_Fall_2017.runs/impl_1/RAT_wrapper.bit} [get_hw_devices xc7a35t_0]
program_hw_devices [get_hw_devices xc7a35t_0]
INFO: [Labtools 27-3164] End of startup status: HIGH
refresh_hw_device [lindex [get_hw_devices xc7a35t_0] 0]
INFO: [Labtools 27-1434] Device xc7a35t (JTAG device index = 0) is programmed with a design that has no supported debug core(s) in it.
WARNING: [Labtools 27-3361] The debug hub core was not detected.
Resolution: 
1. Make sure the clock connected to the debug hub (dbg_hub) core is a free running clock and is active.
2. Make sure the BSCAN_SWITCH_USER_MASK device property in Vivado Hardware Manager reflects the user scan chain setting in the design and refresh the device.  To determine the user scan chain setting in the design, open the implemented design and use 'get_property C_USER_SCAN_CHAIN [get_debug_cores dbg_hub]'.
For more details on setting the scan chain property, consult the Vivado Debug and Programming User Guide (UG908).
reset_run synth_1
WARNING: [Vivado 12-1017] Problems encountered:
1. Failed to delete one or more files in run directory D:/CPE233_Fall_2017/CPE233_Fall_2017.runs/synth_1

launch_runs impl_1 -to_step write_bitstream -jobs 2
[Mon Nov 27 16:14:41 2017] Launched synth_1...
Run output will be captured here: D:/CPE233_Fall_2017/CPE233_Fall_2017.runs/synth_1/runme.log
[Mon Nov 27 16:14:41 2017] Launched impl_1...
Run output will be captured here: D:/CPE233_Fall_2017/CPE233_Fall_2017.runs/impl_1/runme.log
launch_runs: Time (s): cpu = 00:00:00 ; elapsed = 00:00:07 . Memory (MB): peak = 1127.922 ; gain = 0.000
set_property PROBES.FILE {} [get_hw_devices xc7a35t_0]
set_property FULL_PROBES.FILE {} [get_hw_devices xc7a35t_0]
set_property PROGRAM.FILE {D:/CPE233_Fall_2017/CPE233_Fall_2017.runs/impl_1/RAT_wrapper.bit} [get_hw_devices xc7a35t_0]
program_hw_devices [get_hw_devices xc7a35t_0]
INFO: [Labtools 27-3164] End of startup status: HIGH
refresh_hw_device [lindex [get_hw_devices xc7a35t_0] 0]
INFO: [Labtools 27-1434] Device xc7a35t (JTAG device index = 0) is programmed with a design that has no supported debug core(s) in it.
WARNING: [Labtools 27-3361] The debug hub core was not detected.
Resolution: 
1. Make sure the clock connected to the debug hub (dbg_hub) core is a free running clock and is active.
2. Make sure the BSCAN_SWITCH_USER_MASK device property in Vivado Hardware Manager reflects the user scan chain setting in the design and refresh the device.  To determine the user scan chain setting in the design, open the implemented design and use 'get_property C_USER_SCAN_CHAIN [get_debug_cores dbg_hub]'.
For more details on setting the scan chain property, consult the Vivado Debug and Programming User Guide (UG908).
close_sim
INFO: [Simtcl 6-16] Simulation closed
close_sim: Time (s): cpu = 00:00:00 ; elapsed = 00:00:07 . Memory (MB): peak = 1149.406 ; gain = 0.000
exit
INFO: [Common 17-206] Exiting Vivado at Mon Nov 27 16:59:20 2017...
